Action.c(616): t=3992460ms: 735-byte response headers for "https://www.advantageonlineshopping.com/accountservice/ws/GetAddressesByAccountIdRequest" (RelFrameId=1, Internal ID=2724)
Action.c(616):     <SOAP-ENV:Envelope xmlns:SOAP-ENV="http://schemas.xmlsoap.org/soap/envelope/"><SOAP-ENV:He
Action.c(616):     HTTP/2.0 200\r\n
Action.c(616):     ader/><SOAP-ENV:Body><ns2:GetAddressesByAccountIdResponse xmlns:ns2="com.advantage.online.
Action.c(616):     Status: 200\r\n
Action.c(616):     store.accountservice"><ns2:ShippingAddress><ns2:id>385</ns2:id><ns2:addressLine1>Moscow1</
Action.c(616):     server: nginx/1.18.0 (Ubuntu)\r\n
Action.c(616):     ns2:addressLine1><ns2:city>Moscow</ns2:city><ns2:country>RUSSIA_RU</ns2:country><ns2:state
Action.c(616):     date: Sun, 11 Jun 2023 21:38:12 GMT\r\n
Action.c(616):     >Moscow</ns2:state><ns2:postalCode>123456</ns2:postalCode><ns2:accountId>611849985</ns2:ac
Action.c(616):     content-type: text/xml;charset=utf-8\r\n
Action.c(616):     countId></ns2:ShippingAddress></ns2:GetAddressesByAccountIdResponse></SOAP-ENV:Body></SOAP
Action.c(616):     content-length: 554\r\n
Action.c(616):     -ENV:Envelope>
Action.c(616):     x-content-type-options: nosniff\r\n
Action.c(616):     x-xss-protection: 1; mode=block\r\n
Action.c(616): t=3992466ms: Request done "https://www.advantageonlineshopping.com/accountservice/ws/GetAddressesByAccountIdRequest"  	[MsgId: MMSG-26000]
Action.c(616):     cache-control: no-store\r\n
Action.c(616):     pragma: no-cache\r\n
Action.c(616):     expires: 0\r\n
Action.c(616):     x-frame-options: DENY\r\n
Action.c(616):     access-control-request-method: POST, GET, OPTIONS, DELETE\r\n
Action.c(616):     access-control-allow-methods: POST, GET, OPTIONS, DELETE\r\n
Action.c(616): web_custom_request("GetAddressesByAccountIdRequest_2") was successful, 554 body bytes, 735 header bytes  	[MsgId: MMSG-26386]
Action.c(616):     access-control-max-age: 3600\r\n
Action.c(616):     access-control-allow-headers: Origin, X-Requested-With, Content-Type, Accept, Key, soapact
Action.c(616):     ion\r\n
Action.c(616):     access-control-allow-origin: *\r\n
Action.c(616):     accept: text/xml, text/html, image/gif, image/jpeg, *; q=.2, */*; q=.2\r\n
Action.c(616):     soapaction: ""\r\n
Action.c(616):     strict-transport-security: max-age=31536000; includeSubDomains; preload\r\n
Action.c(616):     \r\n
Action.c(616): t=3992466ms: 554-byte response body for "https://www.advantageonlineshopping.com/accountservice/ws/GetAddressesByAccountIdRequest" (RelFrameId=1, Internal ID=2724)
Action.c(616):     <SOAP-ENV:Envelope xmlns:SOAP-ENV="http://schemas.xmlsoap.org/soap/envelope/"><SOAP-ENV:He
Action.c(629): web_add_header("SOAPAction") started  	[MsgId: MMSG-26355]
Action.c(616):     ader/><SOAP-ENV:Body><ns2:GetAddressesByAccountIdResponse xmlns:ns2="com.advantage.online.
Action.c(616):     store.accountservice"><ns2:ShippingAddress><ns2:id>385</ns2:id><ns2:addressLine1>Moscow1</
Action.c(629): "SOAPAction: com.advantage.online.store.accountserviceGetAccountPaymentPreferencesRequest" header registered for adding to requests from the immediately following Action function  	[MsgId: MMSG-26506]
Action.c(616):     ns2:addressLine1><ns2:city>Moscow</ns2:city><ns2:country>RUSSIA_RU</ns2:country><ns2:state
Action.c(616):     >Moscow</ns2:state><ns2:postalCode>123456</ns2:postalCode><ns2:accountId>611849985</ns2:ac
Action.c(629): web_add_header("SOAPAction") was successful  	[MsgId: MMSG-26392]
Action.c(616):     countId></ns2:ShippingAddress></ns2:GetAddressesByAccountIdResponse></SOAP-ENV:Body></SOAP
Action.c(616):     -ENV:Envelope>
Action.c(632): web_custom_request("GetAccountPaymentPreferencesRequest_3") started  	[MsgId: MMSG-26355]
Action.c(616): t=3992467ms: Request done "https://www.advantageonlineshopping.com/accountservice/ws/GetAddressesByAccountIdRequest"  	[MsgId: MMSG-26000]
Action.c(616): web_custom_request("GetAddressesByAccountIdRequest_2") was successful, 554 body bytes, 735 header bytes  	[MsgId: MMSG-26386]
Action.c(629): web_add_header("SOAPAction") started  	[MsgId: MMSG-26355]
Action.c(632): The request to server https://www.advantageonlineshopping.com/accountservice/ws/GetAccountPaymentPreferencesRequest" is done with headers:
Action.c(632):     :method = POST
Action.c(629): "SOAPAction: com.advantage.online.store.accountserviceGetAccountPaymentPreferencesRequest" header registered for adding to requests from the immediately following Action function  	[MsgId: MMSG-26506]
Action.c(632):     :scheme = https
Action.c(632):     :path = /accountservice/ws/GetAccountPaymentPreferencesRequest
Action.c(629): web_add_header("SOAPAction") was successful  	[MsgId: MMSG-26392]
Action.c(632):     :authority = www.advantageonlineshopping.com
Action.c(632):     Content-Type = text/xml; charset=UTF-8
Action.c(632): web_custom_request("GetAccountPaymentPreferencesRequest_3") started  	[MsgId: MMSG-26355]
Action.c(632):     Referer = https://www.advantageonlineshopping.com/
Action.c(632):     SOAPAction = com.advantage.online.store.accountserviceGetAccountPaymentPreferencesRequest
Action.c(632):     DNT = 1
Action.c(632):     Origin = https://www.advantageonlineshopping.com
Action.c(632):     X-Requested-With = XMLHttpRequest
Action.c(632):     User-Agent = Mozilla/5.0 (Windows NT 10.0; Win64; x64) AppleWebKit/537.36 (KHTML, like Gec
Action.c(632):     ko) Chrome/113.0.0.0 Safari/537.36
Action.c(632): The request to server https://www.advantageonlineshopping.com/accountservice/ws/GetAccountPaymentPreferencesRequest" is done with headers:
Action.c(632):     Accept-Encoding = gzip, deflate
Action.c(632):     :method = POST
Action.c(632):     Accept-Language = en-US,en;q=0.5
Action.c(632):     :scheme = https
Action.c(632):     Accept = */*
Action.c(632):     :path = /accountservice/ws/GetAccountPaymentPreferencesRequest
Action.c(632):     content-length = 456
Action.c(632):     :authority = www.advantageonlineshopping.com
Action.c(632):     cookie = userCart=%7B%22userId%22%3A-1%2C%22productsInCart%22%3A%5B%5D%7D
Action.c(632):     Content-Type = text/xml; charset=UTF-8
Action.c(632):     Referer = https://www.advantageonlineshopping.com/
Action.c(632):     SOAPAction = com.advantage.online.store.accountserviceGetAccountPaymentPreferencesRequest
Action.c(632):     DNT = 1
Action.c(632):     Origin = https://www.advantageonlineshopping.com
Action.c(632):     X-Requested-With = XMLHttpRequest
Action.c(632):     User-Agent = Mozilla/5.0 (Windows NT 10.0; Win64; x64) AppleWebKit/537.36 (KHTML, like Gec
Action.c(632):     ko) Chrome/113.0.0.0 Safari/537.36
Action.c(632):     Accept-Encoding = gzip, deflate
Action.c(632):     Accept-Language = en-US,en;q=0.5
Action.c(632):     Accept = */*
Action.c(632):     content-length = 456
Action.c(632): The request to server "https://www.advantageonlineshopping.com/accountservice/ws/GetAccountPaymentPreferencesRequest" is done with body:
Action.c(632):     cookie = userCart=%7B%22userId%22%3A-1%2C%22productsInCart%22%3A%5B%5D%7D
Action.c(632):     <?xml version="1.0" encoding="UTF-8"?><soap:Envelope xmlns:soap="http://schemas.xmlsoap.or
Action.c(632):     g/soap/envelope/" xmlns:xsi="http://www.w3.org/2001/XMLSchema-instance" xmlns:xsd="http://
Action.c(632):     www.w3.org/2001/XMLSchema"><soap:Body><GetAccountPaymentPreferencesRequest xmlns="com.adva
Action.c(632):     ntage.online.store.accountservice"><accountId>611849985</accountId><base64Token>Basic VXNl
Action.c(632):     cjIzOlVzZXIyMw==</base64Token></GetAccountPaymentPreferencesRequest></soap:Body></soap:Env
Action.c(632):     elope>
Action.c(632): The request to server "https://www.advantageonlineshopping.com/accountservice/ws/GetAccountPaymentPreferencesRequest" is done with body:
Action.c(632):     <?xml version="1.0" encoding="UTF-8"?><soap:Envelope xmlns:soap="http://schemas.xmlsoap.or
Action.c(632):     g/soap/envelope/" xmlns:xsi="http://www.w3.org/2001/XMLSchema-instance" xmlns:xsd="http://
Action.c(632):     www.w3.org/2001/XMLSchema"><soap:Body><GetAccountPaymentPreferencesRequest xmlns="com.adva
Action.c(632):     ntage.online.store.accountservice"><accountId>611849985</accountId><base64Token>Basic VXNl
Action.c(632):     cjIzOlVzZXIyMw==</base64Token></GetAccountPaymentPreferencesRequest></soap:Body></soap:Env
Action.c(632):     elope>
Action.c(600): t=3992512ms: 736-byte response headers for "https://www.advantageonlineshopping.com/accountservice/ws/GetAccountByIdNewRequest" (RelFrameId=1, Internal ID=2723)
Action.c(600):     HTTP/2.0 200\r\n
Action.c(600):     Status: 200\r\n
Action.c(600):     server: nginx/1.18.0 (Ubuntu)\r\n
Action.c(600):     date: Sun, 11 Jun 2023 21:38:12 GMT\r\n
Action.c(600):     content-type: text/xml;charset=utf-8\r\n
Action.c(600):     content-length: 1232\r\n
Action.c(600):     x-content-type-options: nosniff\r\n
Action.c(600):     x-xss-protection: 1; mode=block\r\n
Action.c(600):     cache-control: no-store\r\n
Action.c(600):     pragma: no-cache\r\n
Action.c(600):     expires: 0\r\n
Action.c(600):     x-frame-options: DENY\r\n
Action.c(600):     access-control-request-method: POST, GET, OPTIONS, DELETE\r\n
Action.c(600):     access-control-allow-methods: POST, GET, OPTIONS, DELETE\r\n
Action.c(600):     access-control-max-age: 3600\r\n
Action.c(600):     access-control-allow-headers: Origin, X-Requested-With, Content-Type, Accept, Key, soapact
Action.c(600):     ion\r\n
Action.c(600):     access-control-allow-origin: *\r\n
Action.c(600):     accept: text/xml, text/html, image/gif, image/jpeg, *; q=.2, */*; q=.2\r\n
Action.c(600):     soapaction: ""\r\n
Action.c(600):     strict-transport-security: max-age=31536000; includeSubDomains; preload\r\n
Action.c(600):     \r\n
Action.c(600): t=3992512ms: 1232-byte response body for "https://www.advantageonlineshopping.com/accountservice/ws/GetAccountByIdNewRequest" (RelFrameId=1, Internal ID=2723)
Action.c(600):     <SOAP-ENV:Envelope xmlns:SOAP-ENV="http://schemas.xmlsoap.org/soap/envelope/"><SOAP-ENV:He
Action.c(600):     ader/><SOAP-ENV:Body><ns2:GetAccountByIdNewResponse xmlns:ns2="com.advantage.online.store.
Action.c(600):     accountservice"><ns2:AccountResponse><ns2:id>611849985</ns2:id><ns2:lastName>User23Lastnam
Action.c(600):     e</ns2:lastName><ns2:firstName>User23Firstname</ns2:firstName><ns2:loginName>User23</ns2:l
Action.c(600):     oginName><ns2:accountType>20</ns2:accountType><ns2:countryId>236</ns2:countryId><ns2:count
Action.c(600):     ryName>San Marino</ns2:countryName><ns2:countryIsoName>sm</ns2:countryIsoName><ns2:statePr
Action.c(600):     ovince>Moscow</ns2:stateProvince><ns2:cityName>Moscow</ns2:cityName><ns2:homeAddress>Mosco
Action.c(600):     w1</ns2:homeAddress><ns2:zipcode>123456</ns2:zipcode><ns2:mobilePhone>1234567</ns2:mobileP
Action.c(600):     hone><ns2:email>User23@User23.com</ns2:email><ns2:defaultPaymentMethodId>10</ns2:defaultPa
Action.c(600):     ymentMethodId><ns2:allowOffersPromotion>false</ns2:allowOffersPromotion><ns2:internalUnsuc
Action.c(600):     cessfulLoginAttempts>0</ns2:internalUnsuccessfulLoginAttempts><ns2:internalUserBlockedFrom
Action.c(600):     LoginUntil>0</ns2:internalUserBlockedFromLoginUntil><ns2:internalLastSuccesssulLogin>0</ns
Action.c(600):     2:internalLastSuccesssulLogin><ns2:aobUser>false</ns2:aobUser></ns2:AccountResponse></ns2:
Action.c(600):     GetAccountByIdNewResponse></SOAP-ENV:Body></SOAP-ENV:Envelope>
Action.c(600): t=3992513ms: Request done "https://www.advantageonlineshopping.com/accountservice/ws/GetAccountByIdNewRequest"  	[MsgId: MMSG-26000]
Action.c(600): web_custom_request("GetAccountByIdNewRequest_3") was successful, 1232 body bytes, 736 header bytes  	[MsgId: MMSG-26386]
Action.c(613): web_add_header("SOAPAction") started  	[MsgId: MMSG-26355]
Action.c(613): "SOAPAction: com.advantage.online.store.accountserviceGetAddressesByAccountIdRequest" header registered for adding to requests from the immediately following Action function  	[MsgId: MMSG-26506]
Action.c(613): web_add_header("SOAPAction") was successful  	[MsgId: MMSG-26392]
Action.c(616): web_custom_request("GetAddressesByAccountIdRequest_2") started  	[MsgId: MMSG-26355]
Action.c(616): The request to server https://www.advantageonlineshopping.com/accountservice/ws/GetAddressesByAccountIdRequest" is done with headers:
Action.c(616):     :method = POST
Action.c(616):     :scheme = https
Action.c(616):     :path = /accountservice/ws/GetAddressesByAccountIdRequest
Action.c(616):     :authority = www.advantageonlineshopping.com
Action.c(616):     Content-Type = text/xml; charset=UTF-8
Action.c(616):     Referer = https://www.advantageonlineshopping.com/
Action.c(616):     SOAPAction = com.advantage.online.store.accountserviceGetAddressesByAccountIdRequest
Action.c(616):     DNT = 1
Action.c(616):     Origin = https://www.advantageonlineshopping.com
Action.c(616):     X-Requested-With = XMLHttpRequest
Action.c(616):     User-Agent = Mozilla/5.0 (Windows NT 10.0; Win64; x64) AppleWebKit/537.36 (KHTML, like Gec
Action.c(616):     ko) Chrome/113.0.0.0 Safari/537.36
Action.c(616):     Accept-Encoding = gzip, deflate
Action.c(616):     Accept-Language = en-US,en;q=0.5
Action.c(616):     Accept = */*
Action.c(616):     content-length = 446
Action.c(616):     cookie = userCart=%7B%22userId%22%3A-1%2C%22productsInCart%22%3A%5B%5D%7D
Action.c(616): The request to server "https://www.advantageonlineshopping.com/accountservice/ws/GetAddressesByAccountIdRequest" is done with body:
Action.c(616):     <?xml version="1.0" encoding="UTF-8"?><soap:Envelope xmlns:soap="http://schemas.xmlsoap.or
Action.c(616):     g/soap/envelope/" xmlns:xsi="http://www.w3.org/2001/XMLSchema-instance" xmlns:xsd="http://
Action.c(616):     www.w3.org/2001/XMLSchema"><soap:Body><GetAddressesByAccountIdRequest xmlns="com.advantage
Action.c(616):     .online.store.accountservice"><accountId>611849985</accountId><base64Token>Basic VXNlcjIzO
Action.c(616):     lVzZXIyMw==</base64Token></GetAddressesByAccountIdRequest></soap:Body></soap:Envelope>
Action.c(632): t=3992754ms: 735-byte response headers for "https://www.advantageonlineshopping.com/accountservice/ws/GetAccountPaymentPreferencesRequest" (RelFrameId=1, Internal ID=2725)
Action.c(632):     HTTP/2.0 200\r\n
Action.c(632):     Status: 200\r\n
Action.c(632):     server: nginx/1.18.0 (Ubuntu)\r\n
Action.c(632):     date: Sun, 11 Jun 2023 21:38:12 GMT\r\n
Action.c(632):     content-type: text/xml;charset=utf-8\r\n
Action.c(632):     content-length: 494\r\n
Action.c(632):     x-content-type-options: nosniff\r\n
Action.c(632):     x-xss-protection: 1; mode=block\r\n
Action.c(632):     cache-control: no-store\r\n
Action.c(632):     pragma: no-cache\r\n
Action.c(632):     expires: 0\r\n
Action.c(632):     x-frame-options: DENY\r\n
Action.c(632):     access-control-request-method: POST, GET, OPTIONS, DELETE\r\n
Action.c(632):     access-control-allow-methods: POST, GET, OPTIONS, DELETE\r\n
Action.c(632):     access-control-max-age: 3600\r\n
Action.c(632):     access-control-allow-headers: Origin, X-Requested-With, Content-Type, Accept, Key, soapact
Action.c(632):     ion\r\n
Action.c(632):     access-control-allow-origin: *\r\n
Action.c(632):     accept: text/xml, text/html, image/gif, image/jpeg, *; q=.2, */*; q=.2\r\n
Action.c(632):     soapaction: ""\r\n
Action.c(632):     strict-transport-security: max-age=31536000; includeSubDomains; preload\r\n
Action.c(632):     \r\n
Action.c(632): t=3992755ms: 494-byte response body for "https://www.advantageonlineshopping.com/accountservice/ws/GetAccountPaymentPreferencesRequest" (RelFrameId=1, Internal ID=2725)
Action.c(632):     <SOAP-ENV:Envelope xmlns:SOAP-ENV="http://schemas.xmlsoap.org/soap/envelope/"><SOAP-ENV:He
Action.c(632):     ader/><SOAP-ENV:Body><ns2:PaymentPreferences xmlns:ns2="com.advantage.online.store.account
Action.c(632):     service"><ns2:preference><ns2:paymentMethod>10</ns2:paymentMethod><ns2:safePayUsername>Fap
Action.c(632):     jd7</ns2:safePayUsername><ns2:safePayPassword>962b5cf164afd3e42dc92279a2e0a8037e15e886</ns
Action.c(632):     2:safePayPassword><ns2:preferenceId>0</ns2:preferenceId></ns2:preference></ns2:PaymentPref
Action.c(632):     erences></SOAP-ENV:Body></SOAP-ENV:Envelope>
Action.c(632): t=3992755ms: Request done "https://www.advantageonlineshopping.com/accountservice/ws/GetAccountPaymentPreferencesRequest"  	[MsgId: MMSG-26000]
Action.c(632): web_custom_request("GetAccountPaymentPreferencesRequest_3") was successful, 494 body bytes, 735 header bytes  	[MsgId: MMSG-26386]
Action.c(645): Notify: Transaction "SafePayData" ended with a "Pass" status (Duration: 23,4352 Think Time: 22,0042 Wasted Time: 0,0000).	[MsgId: MMSG-16870]
Action.c(647): Notify: Transaction "signOut" started.	[MsgId: MMSG-16999]
Action.c(649): web_add_header("SOAPAction") started  	[MsgId: MMSG-26355]
Action.c(649): "SOAPAction: com.advantage.online.store.accountserviceAccountLogoutRequest" header registered for adding to requests from the immediately following Action function  	[MsgId: MMSG-26506]
Action.c(649): web_add_header("SOAPAction") was successful  	[MsgId: MMSG-26392]
Action.c(652): lr_think_time: 10,00 seconds.	[MsgId: MMSG-15948]
Action.c(632): t=3992756ms: 735-byte response headers for "https://www.advantageonlineshopping.com/accountservice/ws/GetAccountPaymentPreferencesRequest" (RelFrameId=1, Internal ID=2725)
Action.c(632):     HTTP/2.0 200\r\n
Action.c(632):     Status: 200\r\n
Action.c(632):     server: nginx/1.18.0 (Ubuntu)\r\n
Action.c(632):     date: Sun, 11 Jun 2023 21:38:12 GMT\r\n
Action.c(632):     content-type: text/xml;charset=utf-8\r\n
Action.c(632):     content-length: 494\r\n
Action.c(632):     x-content-type-options: nosniff\r\n
Action.c(632):     x-xss-protection: 1; mode=block\r\n
Action.c(632):     cache-control: no-store\r\n
Action.c(632):     pragma: no-cache\r\n
Action.c(632):     expires: 0\r\n
Action.c(632):     x-frame-options: DENY\r\n
Action.c(632):     access-control-request-method: POST, GET, OPTIONS, DELETE\r\n
Action.c(632):     access-control-allow-methods: POST, GET, OPTIONS, DELETE\r\n
Action.c(632):     access-control-max-age: 3600\r\n
Action.c(632):     access-control-allow-headers: Origin, X-Requested-With, Content-Type, Accept, Key, soapact
Action.c(632):     ion\r\n
Action.c(632):     access-control-allow-origin: *\r\n
Action.c(632):     accept: text/xml, text/html, image/gif, image/jpeg, *; q=.2, */*; q=.2\r\n
Action.c(632):     soapaction: ""\r\n
Action.c(632):     strict-transport-security: max-age=31536000; includeSubDomains; preload\r\n
Action.c(632):     \r\n
Action.c(632): t=3992757ms: 494-byte response body for "https://www.advantageonlineshopping.com/accountservice/ws/GetAccountPaymentPreferencesRequest" (RelFrameId=1, Internal ID=2725)
Action.c(632):     <SOAP-ENV:Envelope xmlns:SOAP-ENV="http://schemas.xmlsoap.org/soap/envelope/"><SOAP-ENV:He
Action.c(632):     ader/><SOAP-ENV:Body><ns2:PaymentPreferences xmlns:ns2="com.advantage.online.store.account
Action.c(632):     service"><ns2:preference><ns2:paymentMethod>10</ns2:paymentMethod><ns2:safePayUsername>Fap
Action.c(632):     jd7</ns2:safePayUsername><ns2:safePayPassword>962b5cf164afd3e42dc92279a2e0a8037e15e886</ns
Action.c(632):     2:safePayPassword><ns2:preferenceId>0</ns2:preferenceId></ns2:preference></ns2:PaymentPref
Action.c(632):     erences></SOAP-ENV:Body></SOAP-ENV:Envelope>
Action.c(632): t=3992757ms: Request done "https://www.advantageonlineshopping.com/accountservice/ws/GetAccountPaymentPreferencesRequest"  	[MsgId: MMSG-26000]
Action.c(632): web_custom_request("GetAccountPaymentPreferencesRequest_3") was successful, 494 body bytes, 735 header bytes  	[MsgId: MMSG-26386]
Action.c(645): Notify: Transaction "SafePayData" ended with a "Pass" status (Duration: 23,4466 Think Time: 22,0128 Wasted Time: 0,0000).	[MsgId: MMSG-16870]
Action.c(647): Notify: Transaction "signOut" started.	[MsgId: MMSG-16999]
Action.c(649): web_add_header("SOAPAction") started  	[MsgId: MMSG-26355]
Action.c(649): "SOAPAction: com.advantage.online.store.accountserviceAccountLogoutRequest" header registered for adding to requests from the immediately following Action function  	[MsgId: MMSG-26506]
Action.c(649): web_add_header("SOAPAction") was successful  	[MsgId: MMSG-26392]
Action.c(652): lr_think_time: 10,00 seconds.	[MsgId: MMSG-15948]
Action.c(616): t=3992792ms: 735-byte response headers for "https://www.advantageonlineshopping.com/accountservice/ws/GetAddressesByAccountIdRequest" (RelFrameId=1, Internal ID=2724)
Action.c(616):     HTTP/2.0 200\r\n
Action.c(616):     Status: 200\r\n
Action.c(616):     server: nginx/1.18.0 (Ubuntu)\r\n
Action.c(616):     date: Sun, 11 Jun 2023 21:38:12 GMT\r\n
Action.c(616):     content-type: text/xml;charset=utf-8\r\n
Action.c(616):     content-length: 554\r\n
Action.c(616):     x-content-type-options: nosniff\r\n
Action.c(616):     x-xss-protection: 1; mode=block\r\n
Action.c(616):     cache-control: no-store\r\n
Action.c(616):     pragma: no-cache\r\n
Action.c(616):     expires: 0\r\n
Action.c(616):     x-frame-options: DENY\r\n
Action.c(616):     access-control-request-method: POST, GET, OPTIONS, DELETE\r\n
Action.c(616):     access-control-allow-methods: POST, GET, OPTIONS, DELETE\r\n
Action.c(616):     access-control-max-age: 3600\r\n
Action.c(616):     access-control-allow-headers: Origin, X-Requested-With, Content-Type, Accept, Key, soapact
Action.c(616):     ion\r\n
Action.c(616):     access-control-allow-origin: *\r\n
Action.c(616):     accept: text/xml, text/html, image/gif, image/jpeg, *; q=.2, */*; q=.2\r\n
Action.c(616):     soapaction: ""\r\n
Action.c(616):     strict-transport-security: max-age=31536000; includeSubDomains; preload\r\n
Action.c(616):     \r\n
Action.c(616): t=3992793ms: 554-byte response body for "https://www.advantageonlineshopping.com/accountservice/ws/GetAddressesByAccountIdRequest" (RelFrameId=1, Internal ID=2724)
Action.c(616):     <SOAP-ENV:Envelope xmlns:SOAP-ENV="http://schemas.xmlsoap.org/soap/envelope/"><SOAP-ENV:He
Action.c(616):     ader/><SOAP-ENV:Body><ns2:GetAddressesByAccountIdResponse xmlns:ns2="com.advantage.online.
Action.c(616):     store.accountservice"><ns2:ShippingAddress><ns2:id>385</ns2:id><ns2:addressLine1>Moscow1</
Action.c(616):     ns2:addressLine1><ns2:city>Moscow</ns2:city><ns2:country>RUSSIA_RU</ns2:country><ns2:state
Action.c(616):     >Moscow</ns2:state><ns2:postalCode>123456</ns2:postalCode><ns2:accountId>611849985</ns2:ac
Action.c(616):     countId></ns2:ShippingAddress></ns2:GetAddressesByAccountIdResponse></SOAP-ENV:Body></SOAP
Action.c(616):     -ENV:Envelope>
Action.c(616): t=3992793ms: Request done "https://www.advantageonlineshopping.com/accountservice/ws/GetAddressesByAccountIdRequest"  	[MsgId: MMSG-26000]
Action.c(616): web_custom_request("GetAddressesByAccountIdRequest_2") was successful, 554 body bytes, 735 header bytes  	[MsgId: MMSG-26386]
Action.c(629): web_add_header("SOAPAction") started  	[MsgId: MMSG-26355]
Action.c(629): "SOAPAction: com.advantage.online.store.accountserviceGetAccountPaymentPreferencesRequest" header registered for adding to requests from the immediately following Action function  	[MsgId: MMSG-26506]
Action.c(629): web_add_header("SOAPAction") was successful  	[MsgId: MMSG-26392]
Action.c(632): web_custom_request("GetAccountPaymentPreferencesRequest_3") started  	[MsgId: MMSG-26355]
Action.c(632): The request to server https://www.advantageonlineshopping.com/accountservice/ws/GetAccountPaymentPreferencesRequest" is done with headers:
Action.c(632):     :method = POST
Action.c(632):     :scheme = https
Action.c(632):     :path = /accountservice/ws/GetAccountPaymentPreferencesRequest
Action.c(632):     :authority = www.advantageonlineshopping.com
Action.c(632):     Content-Type = text/xml; charset=UTF-8
Action.c(632):     Referer = https://www.advantageonlineshopping.com/
Action.c(632):     SOAPAction = com.advantage.online.store.accountserviceGetAccountPaymentPreferencesRequest
Action.c(632):     DNT = 1
Action.c(632):     Origin = https://www.advantageonlineshopping.com
Action.c(632):     X-Requested-With = XMLHttpRequest
Action.c(632):     User-Agent = Mozilla/5.0 (Windows NT 10.0; Win64; x64) AppleWebKit/537.36 (KHTML, like Gec
Action.c(632):     ko) Chrome/113.0.0.0 Safari/537.36
Action.c(632):     Accept-Encoding = gzip, deflate
Action.c(632):     Accept-Language = en-US,en;q=0.5
Action.c(632):     Accept = */*
Action.c(632):     content-length = 456
Action.c(632):     cookie = userCart=%7B%22userId%22%3A-1%2C%22productsInCart%22%3A%5B%5D%7D
Action.c(632): The request to server "https://www.advantageonlineshopping.com/accountservice/ws/GetAccountPaymentPreferencesRequest" is done with body:
Action.c(632):     <?xml version="1.0" encoding="UTF-8"?><soap:Envelope xmlns:soap="http://schemas.xmlsoap.or
Action.c(632):     g/soap/envelope/" xmlns:xsi="http://www.w3.org/2001/XMLSchema-instance" xmlns:xsd="http://
Action.c(632):     www.w3.org/2001/XMLSchema"><soap:Body><GetAccountPaymentPreferencesRequest xmlns="com.adva
Action.c(632):     ntage.online.store.accountservice"><accountId>611849985</accountId><base64Token>Basic VXNl
Action.c(632):     cjIzOlVzZXIyMw==</base64Token></GetAccountPaymentPreferencesRequest></soap:Body></soap:Env
Action.c(632):     elope>
Action.c(632): t=3993081ms: 735-byte response headers for "https://www.advantageonlineshopping.com/accountservice/ws/GetAccountPaymentPreferencesRequest" (RelFrameId=1, Internal ID=2725)
Action.c(632):     HTTP/2.0 200\r\n
Action.c(632):     Status: 200\r\n
Action.c(632):     server: nginx/1.18.0 (Ubuntu)\r\n
Action.c(632):     date: Sun, 11 Jun 2023 21:38:13 GMT\r\n
Action.c(632):     content-type: text/xml;charset=utf-8\r\n
Action.c(632):     content-length: 494\r\n
Action.c(632):     x-content-type-options: nosniff\r\n
Action.c(632):     x-xss-protection: 1; mode=block\r\n
Action.c(632):     cache-control: no-store\r\n
Action.c(632):     pragma: no-cache\r\n
Action.c(632):     expires: 0\r\n
Action.c(632):     x-frame-options: DENY\r\n
Action.c(632):     access-control-request-method: POST, GET, OPTIONS, DELETE\r\n
Action.c(632):     access-control-allow-methods: POST, GET, OPTIONS, DELETE\r\n
Action.c(632):     access-control-max-age: 3600\r\n
Action.c(632):     access-control-allow-headers: Origin, X-Requested-With, Content-Type, Accept, Key, soapact
Action.c(632):     ion\r\n
Action.c(632):     access-control-allow-origin: *\r\n
Action.c(632):     accept: text/xml, text/html, image/gif, image/jpeg, *; q=.2, */*; q=.2\r\n
Action.c(632):     soapaction: ""\r\n
Action.c(632):     strict-transport-security: max-age=31536000; includeSubDomains; preload\r\n
Action.c(632):     \r\n
Action.c(632): t=3993082ms: 494-byte response body for "https://www.advantageonlineshopping.com/accountservice/ws/GetAccountPaymentPreferencesRequest" (RelFrameId=1, Internal ID=2725)
Action.c(632):     <SOAP-ENV:Envelope xmlns:SOAP-ENV="http://schemas.xmlsoap.org/soap/envelope/"><SOAP-ENV:He
Action.c(632):     ader/><SOAP-ENV:Body><ns2:PaymentPreferences xmlns:ns2="com.advantage.online.store.account
Action.c(632):     service"><ns2:preference><ns2:paymentMethod>10</ns2:paymentMethod><ns2:safePayUsername>Fap
Action.c(632):     jd7</ns2:safePayUsername><ns2:safePayPassword>962b5cf164afd3e42dc92279a2e0a8037e15e886</ns
Action.c(632):     2:safePayPassword><ns2:preferenceId>0</ns2:preferenceId></ns2:preference></ns2:PaymentPref
Action.c(632):     erences></SOAP-ENV:Body></SOAP-ENV:Envelope>
Action.c(632): t=3993082ms: Request done "https://www.advantageonlineshopping.com/accountservice/ws/GetAccountPaymentPreferencesRequest"  	[MsgId: MMSG-26000]
Action.c(632): web_custom_request("GetAccountPaymentPreferencesRequest_3") was successful, 494 body bytes, 735 header bytes  	[MsgId: MMSG-26386]
Action.c(645): Notify: Transaction "SafePayData" ended with a "Pass" status (Duration: 23,4086 Think Time: 22,0104 Wasted Time: 0,0000).	[MsgId: MMSG-16870]
Action.c(647): Notify: Transaction "signOut" started.	[MsgId: MMSG-16999]
Action.c(649): web_add_header("SOAPAction") started  	[MsgId: MMSG-26355]
Action.c(649): "SOAPAction: com.advantage.online.store.accountserviceAccountLogoutRequest" header registered for adding to requests from the immediately following Action function  	[MsgId: MMSG-26506]
Action.c(649): web_add_header("SOAPAction") was successful  	[MsgId: MMSG-26392]
Action.c(652): lr_think_time: 10,00 seconds.	[MsgId: MMSG-15948]
Action.c(654): web_custom_request("AccountLogoutRequest") started  	[MsgId: MMSG-26355]
Action.c(654): Connection to www.advantageonlineshopping.com:443 closed after being inactive for 69 seconds, exceeding the "HTTP Keep-Alive timeout" Runtime Setting (60 seconds). URL="[None]"  	[MsgId: MMSG-27647]
Action.c(654): t=4002771ms: Closed connection [1] to www.advantageonlineshopping.com:443 after completing 0 request(s)  	[MsgId: MMSG-26000]
Action.c(654): t=4002772ms: Connecting [1] to host 54.227.55.203:443  	[MsgId: MMSG-26000]
Action.c(654): web_custom_request("AccountLogoutRequest") started  	[MsgId: MMSG-26355]
Action.c(654): Connection to www.advantageonlineshopping.com:443 closed after being inactive for 69 seconds, exceeding the "HTTP Keep-Alive timeout" Runtime Setting (60 seconds). URL="[None]"  	[MsgId: MMSG-27647]
Action.c(654): t=4002772ms: Closed connection [1] to www.advantageonlineshopping.com:443 after completing 0 request(s)  	[MsgId: MMSG-26000]
Action.c(654): t=4002772ms: Connecting [1] to host 54.227.55.203:443  	[MsgId: MMSG-26000]
Action.c(654): t=4002894ms: Connected socket [1] from 192.168.1.73:54378 to 54.227.55.203:443 in 122 ms  	[MsgId: MMSG-26000]
Action.c(654): t=4002894ms: Trying to set SNI with servername www.advantageonlineshopping.com  	[MsgId: MMSG-26000]
Action.c(654): t=4002894ms: Setting SNI was succesful  	[MsgId: MMSG-26000]
Action.c(654): t=4002895ms: Connected socket [1] from 192.168.1.73:54380 to 54.227.55.203:443 in 122 ms  	[MsgId: MMSG-26000]
Action.c(654): t=4002895ms: Trying to set SNI with servername www.advantageonlineshopping.com  	[MsgId: MMSG-26000]
Action.c(654): t=4002896ms: Setting SNI was succesful  	[MsgId: MMSG-26000]
Action.c(654): The request to server https://www.advantageonlineshopping.com/accountservice/ws/AccountLogoutRequest" is done with headers:
Action.c(654):     :method = POST
Action.c(654):     :scheme = https
Action.c(654):     :path = /accountservice/ws/AccountLogoutRequest
Action.c(654):     :authority = www.advantageonlineshopping.com
Action.c(654):     Content-Type = text/xml; charset=UTF-8
Action.c(654):     Referer = https://www.advantageonlineshopping.com/
Action.c(654):     SOAPAction = com.advantage.online.store.accountserviceAccountLogoutRequest
Action.c(654):     DNT = 1
Action.c(654):     Origin = https://www.advantageonlineshopping.com
Action.c(654):     X-Requested-With = XMLHttpRequest
Action.c(654):     User-Agent = Mozilla/5.0 (Windows NT 10.0; Win64; x64) AppleWebKit/537.36 (KHTML, like Gec
Action.c(654):     ko) Chrome/113.0.0.0 Safari/537.36
Action.c(654):     Accept-Encoding = gzip, deflate
Action.c(654):     Accept-Language = en-US,en;q=0.5
Action.c(654):     Accept = */*
Action.c(654):     content-length = 426
Action.c(654):     cookie = userCart=%7B%22userId%22%3A-1%2C%22productsInCart%22%3A%5B%5D%7D
Action.c(654): The request to server "https://www.advantageonlineshopping.com/accountservice/ws/AccountLogoutRequest" is done with body:
Action.c(654): The request to server https://www.advantageonlineshopping.com/accountservice/ws/AccountLogoutRequest" is done with headers:
Action.c(654):     <?xml version="1.0" encoding="UTF-8"?><soap:Envelope xmlns:soap="http://schemas.xmlsoap.or
Action.c(654):     :method = POST
Action.c(654):     g/soap/envelope/" xmlns:xsi="http://www.w3.org/2001/XMLSchema-instance" xmlns:xsd="http://
Action.c(654):     :scheme = https
Action.c(654):     www.w3.org/2001/XMLSchema"><soap:Body><AccountLogoutRequest xmlns="com.advantage.online.st
Action.c(654):     :path = /accountservice/ws/AccountLogoutRequest
Action.c(654):     ore.accountservice"><loginUser>611849985</loginUser><base64Token>Basic VXNlcjIzOlVzZXIyMw=
Action.c(654):     :authority = www.advantageonlineshopping.com
Action.c(654):     =</base64Token></AccountLogoutRequest></soap:Body></soap:Envelope>
Action.c(654):     Content-Type = text/xml; charset=UTF-8
Action.c(654):     Referer = https://www.advantageonlineshopping.com/
Action.c(654):     SOAPAction = com.advantage.online.store.accountserviceAccountLogoutRequest
Action.c(654):     DNT = 1
Action.c(654):     Origin = https://www.advantageonlineshopping.com
Action.c(654):     X-Requested-With = XMLHttpRequest
Action.c(654):     User-Agent = Mozilla/5.0 (Windows NT 10.0; Win64; x64) AppleWebKit/537.36 (KHTML, like Gec
Action.c(654):     ko) Chrome/113.0.0.0 Safari/537.36
Action.c(654):     Accept-Encoding = gzip, deflate
Action.c(654):     Accept-Language = en-US,en;q=0.5
Action.c(654):     Accept = */*
Action.c(654):     content-length = 426
Action.c(654):     cookie = userCart=%7B%22userId%22%3A-1%2C%22productsInCart%22%3A%5B%5D%7D
Action.c(654): The request to server "https://www.advantageonlineshopping.com/accountservice/ws/AccountLogoutRequest" is done with body:
Action.c(654):     <?xml version="1.0" encoding="UTF-8"?><soap:Envelope xmlns:soap="http://schemas.xmlsoap.or
Action.c(654):     g/soap/envelope/" xmlns:xsi="http://www.w3.org/2001/XMLSchema-instance" xmlns:xsd="http://
Action.c(654):     www.w3.org/2001/XMLSchema"><soap:Body><AccountLogoutRequest xmlns="com.advantage.online.st
Action.c(654):     ore.accountservice"><loginUser>611849985</loginUser><base64Token>Basic VXNlcjIzOlVzZXIyMw=
Action.c(654):     =</base64Token></AccountLogoutRequest></soap:Body></soap:Envelope>
Action.c(654): web_custom_request("AccountLogoutRequest") started  	[MsgId: MMSG-26355]
Action.c(654): Connection to www.advantageonlineshopping.com:443 closed after being inactive for 69 seconds, exceeding the "HTTP Keep-Alive timeout" Runtime Setting (60 seconds). URL="[None]"  	[MsgId: MMSG-27647]
Action.c(654): t=4003098ms: Closed connection [1] to www.advantageonlineshopping.com:443 after completing 0 request(s)  	[MsgId: MMSG-26000]
Action.c(654): t=4003098ms: Connecting [1] to host 54.227.55.203:443  	[MsgId: MMSG-26000]
Action.c(654): t=4003220ms: Connected socket [1] from 192.168.1.73:54381 to 54.227.55.203:443 in 122 ms  	[MsgId: MMSG-26000]
Action.c(654): t=4003220ms: Trying to set SNI with servername www.advantageonlineshopping.com  	[MsgId: MMSG-26000]
Action.c(654): t=4003220ms: Setting SNI was succesful  	[MsgId: MMSG-26000]
Action.c(654): The request to server https://www.advantageonlineshopping.com/accountservice/ws/AccountLogoutRequest" is done with headers:
Action.c(654):     :method = POST
Action.c(654):     :scheme = https
Action.c(654):     :path = /accountservice/ws/AccountLogoutRequest
Action.c(654):     :authority = www.advantageonlineshopping.com
Action.c(654):     Content-Type = text/xml; charset=UTF-8
Action.c(654):     Referer = https://www.advantageonlineshopping.com/
Action.c(654):     SOAPAction = com.advantage.online.store.accountserviceAccountLogoutRequest
Action.c(654):     DNT = 1
Action.c(654):     Origin = https://www.advantageonlineshopping.com
Action.c(654):     X-Requested-With = XMLHttpRequest
Action.c(654):     User-Agent = Mozilla/5.0 (Windows NT 10.0; Win64; x64) AppleWebKit/537.36 (KHTML, like Gec
Action.c(654):     ko) Chrome/113.0.0.0 Safari/537.36
Action.c(654):     Accept-Encoding = gzip, deflate
Action.c(654):     Accept-Language = en-US,en;q=0.5
Action.c(654):     Accept = */*
Action.c(654):     content-length = 426
Action.c(654):     cookie = userCart=%7B%22userId%22%3A-1%2C%22productsInCart%22%3A%5B%5D%7D
Action.c(654): The request to server "https://www.advantageonlineshopping.com/accountservice/ws/AccountLogoutRequest" is done with body:
Action.c(654):     <?xml version="1.0" encoding="UTF-8"?><soap:Envelope xmlns:soap="http://schemas.xmlsoap.or
Action.c(654):     g/soap/envelope/" xmlns:xsi="http://www.w3.org/2001/XMLSchema-instance" xmlns:xsd="http://
Action.c(654):     www.w3.org/2001/XMLSchema"><soap:Body><AccountLogoutRequest xmlns="com.advantage.online.st
Action.c(654):     ore.accountservice"><loginUser>611849985</loginUser><base64Token>Basic VXNlcjIzOlVzZXIyMw=
Action.c(654):     =</base64Token></AccountLogoutRequest></soap:Body></soap:Envelope>
Action.c(654): t=4003381ms: 735-byte response headers for "https://www.advantageonlineshopping.com/accountservice/ws/AccountLogoutRequest" (RelFrameId=1, Internal ID=2726)
Action.c(654):     HTTP/2.0 200\r\n
Action.c(654):     Status: 200\r\n
Action.c(654):     server: nginx/1.18.0 (Ubuntu)\r\n
Action.c(654):     date: Sun, 11 Jun 2023 21:38:23 GMT\r\n
Action.c(654):     content-type: text/xml;charset=utf-8\r\n
Action.c(654):     content-length: 402\r\n
Action.c(654):     x-content-type-options: nosniff\r\n
Action.c(654):     x-xss-protection: 1; mode=block\r\n
Action.c(654):     cache-control: no-store\r\n
Action.c(654):     pragma: no-cache\r\n
Action.c(654):     expires: 0\r\n
Action.c(654):     x-frame-options: DENY\r\n
Action.c(654): t=4003381ms: 735-byte response headers for "https://www.advantageonlineshopping.com/accountservice/ws/AccountLogoutRequest" (RelFrameId=1, Internal ID=2726)
Action.c(654):     access-control-request-method: POST, GET, OPTIONS, DELETE\r\n
Action.c(654):     HTTP/2.0 200\r\n
Action.c(654):     access-control-allow-methods: POST, GET, OPTIONS, DELETE\r\n
Action.c(654):     Status: 200\r\n
Action.c(654):     access-control-max-age: 3600\r\n
Action.c(654):     server: nginx/1.18.0 (Ubuntu)\r\n
Action.c(654):     access-control-allow-headers: Origin, X-Requested-With, Content-Type, Accept, Key, soapact
Action.c(654):     date: Sun, 11 Jun 2023 21:38:23 GMT\r\n
Action.c(654):     ion\r\n
Action.c(654):     content-type: text/xml;charset=utf-8\r\n
Action.c(654):     access-control-allow-origin: *\r\n
Action.c(654):     content-length: 402\r\n
Action.c(654):     accept: text/xml, text/html, image/gif, image/jpeg, *; q=.2, */*; q=.2\r\n
Action.c(654):     x-content-type-options: nosniff\r\n
Action.c(654):     soapaction: ""\r\n
Action.c(654):     x-xss-protection: 1; mode=block\r\n
Action.c(654):     strict-transport-security: max-age=31536000; includeSubDomains; preload\r\n
Action.c(654):     cache-control: no-store\r\n
Action.c(654):     \r\n
Action.c(654):     pragma: no-cache\r\n
Action.c(654):     expires: 0\r\n
Action.c(654):     x-frame-options: DENY\r\n
Action.c(654):     access-control-request-method: POST, GET, OPTIONS, DELETE\r\n
Action.c(654): t=4003382ms: 402-byte response body for "https://www.advantageonlineshopping.com/accountservice/ws/AccountLogoutRequest" (RelFrameId=1, Internal ID=2726)
Action.c(654):     access-control-allow-methods: POST, GET, OPTIONS, DELETE\r\n
Action.c(654):     <SOAP-ENV:Envelope xmlns:SOAP-ENV="http://schemas.xmlsoap.org/soap/envelope/"><SOAP-ENV:He
Action.c(654):     access-control-max-age: 3600\r\n
Action.c(654):     ader/><SOAP-ENV:Body><ns2:AccountLogoutResponse xmlns:ns2="com.advantage.online.store.acco
Action.c(654):     access-control-allow-headers: Origin, X-Requested-With, Content-Type, Accept, Key, soapact
Action.c(654):     untservice"><ns2:StatusMessage><ns2:success>true</ns2:success><ns2:userId>611849985</ns2:u
Action.c(654):     ion\r\n
Action.c(654):     serId><ns2:reason>Logout Successful</ns2:reason></ns2:StatusMessage></ns2:AccountLogoutRes
Action.c(654):     access-control-allow-origin: *\r\n
Action.c(654):     ponse></SOAP-ENV:Body></SOAP-ENV:Envelope>
Action.c(654):     accept: text/xml, text/html, image/gif, image/jpeg, *; q=.2, */*; q=.2\r\n
Action.c(654):     soapaction: ""\r\n
Action.c(654): t=4003382ms: Request done "https://www.advantageonlineshopping.com/accountservice/ws/AccountLogoutRequest"  	[MsgId: MMSG-26000]
Action.c(654):     strict-transport-security: max-age=31536000; includeSubDomains; preload\r\n
Action.c(654):     \r\n
Action.c(654): t=4003382ms: 402-byte response body for "https://www.advantageonlineshopping.com/accountservice/ws/AccountLogoutRequest" (RelFrameId=1, Internal ID=2726)
Action.c(654):     <SOAP-ENV:Envelope xmlns:SOAP-ENV="http://schemas.xmlsoap.org/soap/envelope/"><SOAP-ENV:He
Action.c(654): web_custom_request("AccountLogoutRequest") was successful, 402 body bytes, 735 header bytes  	[MsgId: MMSG-26386]
Action.c(654):     ader/><SOAP-ENV:Body><ns2:AccountLogoutResponse xmlns:ns2="com.advantage.online.store.acco
Action.c(654):     untservice"><ns2:StatusMessage><ns2:success>true</ns2:success><ns2:userId>611849985</ns2:u
Action.c(654):     serId><ns2:reason>Logout Successful</ns2:reason></ns2:StatusMessage></ns2:AccountLogoutRes
Action.c(667): Notify: Transaction "signOut" ended with a "Pass" status (Duration: 10,6245 Think Time: 10,0129 Wasted Time: 0,0000).	[MsgId: MMSG-16870]
Action.c(654):     ponse></SOAP-ENV:Body></SOAP-ENV:Envelope>
Action.c(654): t=4003382ms: Request done "https://www.advantageonlineshopping.com/accountservice/ws/AccountLogoutRequest"  	[MsgId: MMSG-26000]
Action.c(669): Notify: Transaction "UC_Registration" ended with a "Pass" status (Duration: 137,9525 Think Time: 123,1211 Wasted Time: 0,0013).	[MsgId: MMSG-16870]
Ending action Action.	[MsgId: MMSG-15918]
Action.c(654): web_custom_request("AccountLogoutRequest") was successful, 402 body bytes, 735 header bytes  	[MsgId: MMSG-26386]
Action.c(667): Notify: Transaction "signOut" ended with a "Pass" status (Duration: 10,6266 Think Time: 10,0159 Wasted Time: 0,0000).	[MsgId: MMSG-16870]
Action.c(669): Notify: Transaction "UC_Registration" ended with a "Pass" status (Duration: 138,2700 Think Time: 123,1857 Wasted Time: 0,0013).	[MsgId: MMSG-16870]
Ending action Action.	[MsgId: MMSG-15918]
Action was aborted.	[MsgId: MMSG-10694]
Action was aborted.	[MsgId: MMSG-10694]
Ending Vuser...	[MsgId: MMSG-15966]
Ending Vuser...	[MsgId: MMSG-15966]
Starting action vuser_end.	[MsgId: MMSG-15919]
Starting action vuser_end.	[MsgId: MMSG-15919]
Ending action vuser_end.	[MsgId: MMSG-15918]
Ending action vuser_end.	[MsgId: MMSG-15918]
Vuser Terminated.	[MsgId: MMSG-15963]
Vuser Terminated.	[MsgId: MMSG-15963]
t=4003383ms: Closed connection [0] to detectportal.firefox.com:80 after completing 20 request(s)  	[MsgId: MMSG-26000]
t=4003383ms: Closed connection [0] to detectportal.firefox.com:80 after completing 20 request(s)  	[MsgId: MMSG-26000]
t=4003383ms: Closed connection [1] to www.advantageonlineshopping.com:443 after completing 0 request(s)  	[MsgId: MMSG-26000]
t=4003383ms: Closed connection [1] to www.advantageonlineshopping.com:443 after completing 0 request(s)  	[MsgId: MMSG-26000]
t=4003383ms: Closed connection [3] to detectportal.firefox.com:80 after completing 5 request(s)  	[MsgId: MMSG-26000]
t=4003383ms: Closed connection [3] to detectportal.firefox.com:80 after completing 5 request(s)  	[MsgId: MMSG-26000]
HTML-Mode memory management statistics: Reusable=1, NonReusable=0, CsMemBlockSize=4096, checks disabled  	[MsgId: MMSG-26000]
Vuser 2 (thread 42728), ended OK."	[MsgId: MMSG-10695]
HTML-Mode memory management statistics: Reusable=1, NonReusable=0, CsMemBlockSize=4096, checks disabled  	[MsgId: MMSG-26000]
Vuser 1 (thread 15648), ended OK."	[MsgId: MMSG-10695]
Action.c(654): t=4003688ms: 735-byte response headers for "https://www.advantageonlineshopping.com/accountservice/ws/AccountLogoutRequest" (RelFrameId=1, Internal ID=2726)
Action.c(654):     HTTP/2.0 200\r\n
Action.c(654):     Status: 200\r\n
Action.c(654):     server: nginx/1.18.0 (Ubuntu)\r\n
Action.c(654):     date: Sun, 11 Jun 2023 21:38:23 GMT\r\n
Action.c(654):     content-type: text/xml;charset=utf-8\r\n
Action.c(654):     content-length: 402\r\n
Action.c(654):     x-content-type-options: nosniff\r\n
Action.c(654):     x-xss-protection: 1; mode=block\r\n
Action.c(654):     cache-control: no-store\r\n
Action.c(654):     pragma: no-cache\r\n
Action.c(654):     expires: 0\r\n
Action.c(654):     x-frame-options: DENY\r\n
Action.c(654):     access-control-request-method: POST, GET, OPTIONS, DELETE\r\n
Action.c(654):     access-control-allow-methods: POST, GET, OPTIONS, DELETE\r\n
Action.c(654):     access-control-max-age: 3600\r\n
Action.c(654):     access-control-allow-headers: Origin, X-Requested-With, Content-Type, Accept, Key, soapact
Action.c(654):     ion\r\n
Action.c(654):     access-control-allow-origin: *\r\n
Action.c(654):     accept: text/xml, text/html, image/gif, image/jpeg, *; q=.2, */*; q=.2\r\n
Action.c(654):     soapaction: ""\r\n
Action.c(654):     strict-transport-security: max-age=31536000; includeSubDomains; preload\r\n
Action.c(654):     \r\n
Action.c(654): t=4003689ms: 402-byte response body for "https://www.advantageonlineshopping.com/accountservice/ws/AccountLogoutRequest" (RelFrameId=1, Internal ID=2726)
Action.c(654):     <SOAP-ENV:Envelope xmlns:SOAP-ENV="http://schemas.xmlsoap.org/soap/envelope/"><SOAP-ENV:He
Action.c(654):     ader/><SOAP-ENV:Body><ns2:AccountLogoutResponse xmlns:ns2="com.advantage.online.store.acco
Action.c(654):     untservice"><ns2:StatusMessage><ns2:success>true</ns2:success><ns2:userId>611849985</ns2:u
Action.c(654):     serId><ns2:reason>Logout Successful</ns2:reason></ns2:StatusMessage></ns2:AccountLogoutRes
Action.c(654):     ponse></SOAP-ENV:Body></SOAP-ENV:Envelope>
Action.c(654): t=4003689ms: Request done "https://www.advantageonlineshopping.com/accountservice/ws/AccountLogoutRequest"  	[MsgId: MMSG-26000]
Action.c(654): web_custom_request("AccountLogoutRequest") was successful, 402 body bytes, 735 header bytes  	[MsgId: MMSG-26386]
Action.c(667): Notify: Transaction "signOut" ended with a "Pass" status (Duration: 10,6071 Think Time: 10,0146 Wasted Time: 0,0000).	[MsgId: MMSG-16870]
Action.c(669): Notify: Transaction "UC_Registration" ended with a "Pass" status (Duration: 138,4206 Think Time: 123,0874 Wasted Time: 0,0012).	[MsgId: MMSG-16870]
Ending action Action.	[MsgId: MMSG-15918]
Action was aborted.	[MsgId: MMSG-10694]
Ending Vuser...	[MsgId: MMSG-15966]
Starting action vuser_end.	[MsgId: MMSG-15919]
Ending action vuser_end.	[MsgId: MMSG-15918]
Vuser Terminated.	[MsgId: MMSG-15963]
t=4003690ms: Closed connection [0] to detectportal.firefox.com:80 after completing 20 request(s)  	[MsgId: MMSG-26000]
t=4003691ms: Closed connection [1] to www.advantageonlineshopping.com:443 after completing 0 request(s)  	[MsgId: MMSG-26000]
t=4003691ms: Closed connection [3] to detectportal.firefox.com:80 after completing 5 request(s)  	[MsgId: MMSG-26000]
HTML-Mode memory management statistics: Reusable=1, NonReusable=0, CsMemBlockSize=4096, checks disabled  	[MsgId: MMSG-26000]
Vuser 0 (thread 45308), ended OK."	[MsgId: MMSG-10695]
