Virtual User Script started at: 11.06.2023 23:31:10	[MsgId: MMSG-15967]
Starting action vuser_init.	[MsgId: MMSG-15919]
Web Turbo Replay of LoadRunner 2020.0.0 for Windows 10; build 793 (ноя 27 2019 19:51:20)  	[MsgId: MMSG-26983]
Run mode: HTML  	[MsgId: MMSG-26993]
Replay user agent: Mozilla/5.0 (Windows NT 10.0; Win64; x64) AppleWebKit/537.36 (KHTML, like Gecko) Chrome/113.0.0.0 Safari/537.36  	[MsgId: MMSG-26988]
Runtime Settings file: "C:\Users\EHOT\AppData\Local\Temp\lr5tmpdirANq.76\lrcfgIfH.77\cfgPHg.80"  	[MsgId: MMSG-27141]
Vuser directory: "C:\Users\EHOT\Desktop\Itog\Scripts\UC_Registration"  	[MsgId: MMSG-27052]
Vuser output directory: "C:\Users\EHOT\Desktop\Itog\Scripts\UC_Registration"  	[MsgId: MMSG-27050]
Operating system's current working directory: "C:\Users\EHOT\Desktop\Itog\Scripts\UC_Registration"  	[MsgId: MMSG-27048]
UTC (GMT) start date/time   : 2023-06-11 20:31:10  	[MsgId: MMSG-26992]
LOCAL start date/time       : 2023-06-11 23:31:10  	[MsgId: MMSG-26991]
Local daylight-Savings-Time : No  	[MsgId: MMSG-26990]
Some of the Runtime Settings:  	[MsgId: MMSG-27142]
    Download non-HTML resources: Yes  	[MsgId: MMSG-27018]
    Verification checks: No  	[MsgId: MMSG-27017]
    Convert from/to UTF-8: No  	[MsgId: MMSG-27016]
    Simulate a new user each iteration: Yes  	[MsgId: MMSG-27009]
    Non-critical item errors as warnings: Yes  	[MsgId: MMSG-27008]
    HTTP errors as warnings: No  	[MsgId: MMSG-27007]
    WinInet replay instead of Sockets: No  	[MsgId: MMSG-27006]
    HTTP version: 1.1  	[MsgId: MMSG-27005]
    Keep-Alive HTTP connections: Yes  	[MsgId: MMSG-27004]
    Max self Meta refresh updates: 2  	[MsgId: MMSG-27003]
    No proxy is used (direct connection to the Internet)  	[MsgId: MMSG-27171]
    DNS caching: Yes  	[MsgId: MMSG-27035]
    Simulate browser cache: Yes  	[MsgId: MMSG-27034]
        Cache URLs requiring content (e.g., HTMLs): Yes  	[MsgId: MMSG-27033]
            Additional URLs requiring content: None  	[MsgId: MMSG-27032]
        Check for newer versions every visit to the page: No  	[MsgId: MMSG-27031]
    Page download timeout (sec): 120  	[MsgId: MMSG-27030]
    Resource Page Timeout is a Warning: No  	[MsgId: MMSG-27029]
    ContentCheck enabled: Yes  	[MsgId: MMSG-27028]
    ContentCheck script-level file: "C:\Users\EHOT\AppData\Local\Temp\lr5tmpdirANq.76\lrcfgIfH.77\LrwiAedScript.xml"  	[MsgId: MMSG-27027]
    Enable Web Page Breakdown: Yes  	[MsgId: MMSG-27026]
    Enable connection data points: Yes  	[MsgId: MMSG-27023]
    Process socket after reschedule: Yes  	[MsgId: MMSG-27022]
    Snapshot on error: No  	[MsgId: MMSG-27021]
    Define each step as a transaction: No  	[MsgId: MMSG-27020]
    Read beyond Content-Length: No  	[MsgId: MMSG-26994]
    Parse HTML Content-Type: TEXT  	[MsgId: MMSG-26999]
    Graph hits per second and HTTP status codes: Yes  	[MsgId: MMSG-26998]
    Graph response bytes per second: Yes  	[MsgId: MMSG-26997]
    Graph pages per second: No  	[MsgId: MMSG-26996]
    Web recorder version ID: 10  	[MsgId: MMSG-26995]
Ending action vuser_init.	[MsgId: MMSG-15918]
Running Vuser...	[MsgId: MMSG-15964]
Virtual User Script started at: 11.06.2023 23:31:10	[MsgId: MMSG-15967]
Starting action vuser_init.	[MsgId: MMSG-15919]
Web Turbo Replay of LoadRunner 2020.0.0 for Windows 10; build 793 (ноя 27 2019 19:51:20)  	[MsgId: MMSG-26983]
Run mode: HTML  	[MsgId: MMSG-26993]
Replay user agent: Mozilla/5.0 (Windows NT 10.0; Win64; x64) AppleWebKit/537.36 (KHTML, like Gecko) Chrome/113.0.0.0 Safari/537.36  	[MsgId: MMSG-26988]
Runtime Settings file: "C:\Users\EHOT\AppData\Local\Temp\lr5tmpdirANq.76\lrcfgIfH.77\cfgPHg.80"  	[MsgId: MMSG-27141]
Vuser directory: "C:\Users\EHOT\Desktop\Itog\Scripts\UC_Registration"  	[MsgId: MMSG-27052]
Vuser output directory: "C:\Users\EHOT\Desktop\Itog\Scripts\UC_Registration"  	[MsgId: MMSG-27050]
Operating system's current working directory: "C:\Users\EHOT\Desktop\Itog\Scripts\UC_Registration"  	[MsgId: MMSG-27048]
UTC (GMT) start date/time   : 2023-06-11 20:31:10  	[MsgId: MMSG-26992]
LOCAL start date/time       : 2023-06-11 23:31:10  	[MsgId: MMSG-26991]
Local daylight-Savings-Time : No  	[MsgId: MMSG-26990]
Some of the Runtime Settings:  	[MsgId: MMSG-27142]
    Download non-HTML resources: Yes  	[MsgId: MMSG-27018]
    Verification checks: No  	[MsgId: MMSG-27017]
    Convert from/to UTF-8: No  	[MsgId: MMSG-27016]
    Simulate a new user each iteration: Yes  	[MsgId: MMSG-27009]
    Non-critical item errors as warnings: Yes  	[MsgId: MMSG-27008]
    HTTP errors as warnings: No  	[MsgId: MMSG-27007]
    WinInet replay instead of Sockets: No  	[MsgId: MMSG-27006]
    HTTP version: 1.1  	[MsgId: MMSG-27005]
    Keep-Alive HTTP connections: Yes  	[MsgId: MMSG-27004]
    Max self Meta refresh updates: 2  	[MsgId: MMSG-27003]
    No proxy is used (direct connection to the Internet)  	[MsgId: MMSG-27171]
    DNS caching: Yes  	[MsgId: MMSG-27035]
    Simulate browser cache: Yes  	[MsgId: MMSG-27034]
        Cache URLs requiring content (e.g., HTMLs): Yes  	[MsgId: MMSG-27033]
            Additional URLs requiring content: None  	[MsgId: MMSG-27032]
        Check for newer versions every visit to the page: No  	[MsgId: MMSG-27031]
    Page download timeout (sec): 120  	[MsgId: MMSG-27030]
    Resource Page Timeout is a Warning: No  	[MsgId: MMSG-27029]
    ContentCheck enabled: Yes  	[MsgId: MMSG-27028]
    ContentCheck script-level file: "C:\Users\EHOT\AppData\Local\Temp\lr5tmpdirANq.76\lrcfgIfH.77\LrwiAedScript.xml"  	[MsgId: MMSG-27027]
    Enable Web Page Breakdown: No  	[MsgId: MMSG-27026]
    Enable connection data points: Yes  	[MsgId: MMSG-27023]
    Process socket after reschedule: Yes  	[MsgId: MMSG-27022]
    Snapshot on error: No  	[MsgId: MMSG-27021]
    Define each step as a transaction: No  	[MsgId: MMSG-27020]
    Read beyond Content-Length: No  	[MsgId: MMSG-26994]
    Parse HTML Content-Type: TEXT  	[MsgId: MMSG-26999]
    Graph hits per second and HTTP status codes: Yes  	[MsgId: MMSG-26998]
    Graph response bytes per second: Yes  	[MsgId: MMSG-26997]
    Graph pages per second: No  	[MsgId: MMSG-26996]
    Web recorder version ID: 10  	[MsgId: MMSG-26995]
Ending action vuser_init.	[MsgId: MMSG-15918]
Running Vuser...	[MsgId: MMSG-15964]
Starting iteration 1.	[MsgId: MMSG-15968]
Maximum number of concurrent connections per server: 6  	[MsgId: MMSG-26989]
Starting action Action.	[MsgId: MMSG-15919]
Action.c(4): Notify: Transaction "UC_Registration" started.	[MsgId: MMSG-16999]
Action.c(6): web_set_sockets_option started  	[MsgId: MMSG-26355]
Action.c(6): web_set_sockets_option was successful  	[MsgId: MMSG-26392]
Action.c(8): web_set_user started  	[MsgId: MMSG-26355]
Action.c(8): Notify: Parameter Substitution: parameter "c1" =  "L"	[MsgId: MMSG-13992]
Action.c(8): Notify: Parameter Substitution: parameter "c2" =  "o"	[MsgId: MMSG-13992]
Action.c(8): Notify: Parameter Substitution: parameter "c3" =  "d"	[MsgId: MMSG-13992]
Action.c(8): Notify: Parameter Substitution: parameter "c4" =  "t"	[MsgId: MMSG-13992]
Action.c(8): Notify: Parameter Substitution: parameter "c5" =  "j"	[MsgId: MMSG-13992]
Starting iteration 1.	[MsgId: MMSG-15968]
Action.c(8): Notify: Parameter Substitution: parameter "c6" =  "1"	[MsgId: MMSG-13992]
Maximum number of concurrent connections per server: 6  	[MsgId: MMSG-26989]
Starting action Action.	[MsgId: MMSG-15919]
Action.c(4): Notify: Transaction "UC_Registration" started.	[MsgId: MMSG-16999]
Action.c(8): web_set_user was successful  	[MsgId: MMSG-26392]
Action.c(6): web_set_sockets_option started  	[MsgId: MMSG-26355]
Action.c(12): web_url("success.txt") started  	[MsgId: MMSG-26355]
Action.c(6): web_set_sockets_option was successful  	[MsgId: MMSG-26392]
Action.c(8): web_set_user started  	[MsgId: MMSG-26355]
Action.c(8): Notify: Parameter Substitution: parameter "c1" =  "K"	[MsgId: MMSG-13992]
Action.c(8): Notify: Parameter Substitution: parameter "c2" =  "p"	[MsgId: MMSG-13992]
Action.c(8): Notify: Parameter Substitution: parameter "c3" =  "n"	[MsgId: MMSG-13992]
Action.c(8): Notify: Parameter Substitution: parameter "c4" =  "e"	[MsgId: MMSG-13992]
Action.c(8): Notify: Parameter Substitution: parameter "c5" =  "q"	[MsgId: MMSG-13992]
Action.c(8): Notify: Parameter Substitution: parameter "c6" =  "4"	[MsgId: MMSG-13992]
Action.c(8): web_set_user was successful  	[MsgId: MMSG-26392]
Action.c(12): web_url("success.txt") started  	[MsgId: MMSG-26355]
Action.c(12): t=327ms: Connecting [0] to host 34.107.221.82:80  	[MsgId: MMSG-26000]
Action.c(12): t=327ms: Connecting [0] to host 34.107.221.82:80  	[MsgId: MMSG-26000]
Action.c(12): t=344ms: Connected socket [0] from 192.168.1.73:64454 to 34.107.221.82:80 in 17 ms  	[MsgId: MMSG-26000]
Action.c(12): t=344ms: 288-byte request headers for "http://detectportal.firefox.com/success.txt" (RelFrameId=1, Internal ID=1)
Action.c(12):     GET /success.txt HTTP/1.1\r\n
Action.c(12):     User-Agent: Mozilla/5.0 (Windows NT 10.0; Win64; x64) AppleWebKit/537.36 (KHTML, like Geck
Action.c(12):     o) Chrome/113.0.0.0 Safari/537.36\r\n
Action.c(12):     Accept-Encoding: gzip, deflate\r\n
Action.c(12):     Accept-Language: en-US,en;q=0.5\r\n
Action.c(12):     Accept: */*\r\n
Action.c(12):     Connection: Keep-Alive\r\n
Action.c(12):     Host: detectportal.firefox.com\r\n
Action.c(12):     \r\n
Virtual User Script started at: 11.06.2023 23:31:10	[MsgId: MMSG-15967]
Starting action vuser_init.	[MsgId: MMSG-15919]
Web Turbo Replay of LoadRunner 2020.0.0 for Windows 10; build 793 (ноя 27 2019 19:51:20)  	[MsgId: MMSG-26983]
Run mode: HTML  	[MsgId: MMSG-26993]
Replay user agent: Mozilla/5.0 (Windows NT 10.0; Win64; x64) AppleWebKit/537.36 (KHTML, like Gecko) Chrome/113.0.0.0 Safari/537.36  	[MsgId: MMSG-26988]
Runtime Settings file: "C:\Users\EHOT\AppData\Local\Temp\lr5tmpdirANq.76\lrcfgIfH.77\cfgPHg.80"  	[MsgId: MMSG-27141]
Vuser directory: "C:\Users\EHOT\Desktop\Itog\Scripts\UC_Registration"  	[MsgId: MMSG-27052]
Vuser output directory: "C:\Users\EHOT\Desktop\Itog\Scripts\UC_Registration"  	[MsgId: MMSG-27050]
Operating system's current working directory: "C:\Users\EHOT\Desktop\Itog\Scripts\UC_Registration"  	[MsgId: MMSG-27048]
UTC (GMT) start date/time   : 2023-06-11 20:31:10  	[MsgId: MMSG-26992]
LOCAL start date/time       : 2023-06-11 23:31:10  	[MsgId: MMSG-26991]
Local daylight-Savings-Time : No  	[MsgId: MMSG-26990]
Some of the Runtime Settings:  	[MsgId: MMSG-27142]
    Download non-HTML resources: Yes  	[MsgId: MMSG-27018]
    Verification checks: No  	[MsgId: MMSG-27017]
    Convert from/to UTF-8: No  	[MsgId: MMSG-27016]
    Simulate a new user each iteration: Yes  	[MsgId: MMSG-27009]
    Non-critical item errors as warnings: Yes  	[MsgId: MMSG-27008]
    HTTP errors as warnings: No  	[MsgId: MMSG-27007]
    WinInet replay instead of Sockets: No  	[MsgId: MMSG-27006]
    HTTP version: 1.1  	[MsgId: MMSG-27005]
    Keep-Alive HTTP connections: Yes  	[MsgId: MMSG-27004]
    Max self Meta refresh updates: 2  	[MsgId: MMSG-27003]
    No proxy is used (direct connection to the Internet)  	[MsgId: MMSG-27171]
    DNS caching: Yes  	[MsgId: MMSG-27035]
    Simulate browser cache: Yes  	[MsgId: MMSG-27034]
        Cache URLs requiring content (e.g., HTMLs): Yes  	[MsgId: MMSG-27033]
            Additional URLs requiring content: None  	[MsgId: MMSG-27032]
        Check for newer versions every visit to the page: No  	[MsgId: MMSG-27031]
    Page download timeout (sec): 120  	[MsgId: MMSG-27030]
    Resource Page Timeout is a Warning: No  	[MsgId: MMSG-27029]
    ContentCheck enabled: Yes  	[MsgId: MMSG-27028]
    ContentCheck script-level file: "C:\Users\EHOT\AppData\Local\Temp\lr5tmpdirANq.76\lrcfgIfH.77\LrwiAedScript.xml"  	[MsgId: MMSG-27027]
    Enable Web Page Breakdown: No  	[MsgId: MMSG-27026]
    Enable connection data points: Yes  	[MsgId: MMSG-27023]
    Process socket after reschedule: Yes  	[MsgId: MMSG-27022]
    Snapshot on error: No  	[MsgId: MMSG-27021]
    Define each step as a transaction: No  	[MsgId: MMSG-27020]
    Read beyond Content-Length: No  	[MsgId: MMSG-26994]
    Parse HTML Content-Type: TEXT  	[MsgId: MMSG-26999]
    Graph hits per second and HTTP status codes: Yes  	[MsgId: MMSG-26998]
    Graph response bytes per second: Yes  	[MsgId: MMSG-26997]
    Graph pages per second: No  	[MsgId: MMSG-26996]
    Web recorder version ID: 10  	[MsgId: MMSG-26995]
Ending action vuser_init.	[MsgId: MMSG-15918]
Running Vuser...	[MsgId: MMSG-15964]
Action.c(12): t=362ms: 208-byte response headers for "http://detectportal.firefox.com/success.txt" (RelFrameId=1, Internal ID=1)
Action.c(12):     HTTP/1.1 200 OK\r\n
Action.c(12):     Server: nginx\r\n
Action.c(12):     Content-Length: 8\r\n
Action.c(12):     Via: 1.1 google\r\n
Action.c(12):     Date: Sat, 10 Jun 2023 23:28:20 GMT\r\n
Action.c(12):     Age: 75770\r\n
Action.c(12):     Content-Type: text/plain\r\n
Action.c(12):     Cache-Control: public,must-revalidate,max-age=0,s-maxage=3600\r\n
Action.c(12):     \r\n
Action.c(12): t=363ms: 8-byte response body for "http://detectportal.firefox.com/success.txt" (RelFrameId=1, Internal ID=1)
Action.c(12):     success\n
Action.c(12): t=363ms: Request done "http://detectportal.firefox.com/success.txt"  	[MsgId: MMSG-26000]
Action.c(12): web_url("success.txt") was successful, 8 body bytes, 208 header bytes  	[MsgId: MMSG-26386]
Action.c(21): web_url("success.txt_2") started  	[MsgId: MMSG-26355]
Action.c(21): t=364ms: Already connected [0] to detectportal.firefox.com:80  	[MsgId: MMSG-26000]
Action.c(21): t=364ms: 288-byte request headers for "http://detectportal.firefox.com/success.txt" (RelFrameId=1, Internal ID=2)
Action.c(21):     GET /success.txt HTTP/1.1\r\n
Action.c(21):     User-Agent: Mozilla/5.0 (Windows NT 10.0; Win64; x64) AppleWebKit/537.36 (KHTML, like Geck
Action.c(21):     o) Chrome/113.0.0.0 Safari/537.36\r\n
Action.c(21):     Accept-Encoding: gzip, deflate\r\n
Action.c(21):     Accept-Language: en-US,en;q=0.5\r\n
Action.c(21):     Accept: */*\r\n
Action.c(21):     Connection: Keep-Alive\r\n
Action.c(21):     Host: detectportal.firefox.com\r\n
Action.c(21):     \r\n
Action.c(12): t=365ms: Connected socket [0] from 192.168.1.73:64455 to 34.107.221.82:80 in 38 ms  	[MsgId: MMSG-26000]
Action.c(12): t=365ms: 288-byte request headers for "http://detectportal.firefox.com/success.txt" (RelFrameId=1, Internal ID=1)
Action.c(12):     GET /success.txt HTTP/1.1\r\n
Action.c(12):     User-Agent: Mozilla/5.0 (Windows NT 10.0; Win64; x64) AppleWebKit/537.36 (KHTML, like Geck
Action.c(12):     o) Chrome/113.0.0.0 Safari/537.36\r\n
Action.c(12):     Accept-Encoding: gzip, deflate\r\n
Action.c(12):     Accept-Language: en-US,en;q=0.5\r\n
Action.c(12):     Accept: */*\r\n
Action.c(12):     Connection: Keep-Alive\r\n
Action.c(12):     Host: detectportal.firefox.com\r\n
Action.c(12):     \r\n
Starting iteration 1.	[MsgId: MMSG-15968]
Maximum number of concurrent connections per server: 6  	[MsgId: MMSG-26989]
Starting action Action.	[MsgId: MMSG-15919]
Action.c(4): Notify: Transaction "UC_Registration" started.	[MsgId: MMSG-16999]
Action.c(6): web_set_sockets_option started  	[MsgId: MMSG-26355]
Action.c(6): web_set_sockets_option was successful  	[MsgId: MMSG-26392]
Action.c(8): web_set_user started  	[MsgId: MMSG-26355]
Action.c(8): Notify: Parameter Substitution: parameter "c1" =  "A"	[MsgId: MMSG-13992]
Action.c(8): Notify: Parameter Substitution: parameter "c2" =  "q"	[MsgId: MMSG-13992]
Action.c(8): Notify: Parameter Substitution: parameter "c3" =  "x"	[MsgId: MMSG-13992]
Action.c(8): Notify: Parameter Substitution: parameter "c4" =  "g"	[MsgId: MMSG-13992]
Action.c(8): Notify: Parameter Substitution: parameter "c5" =  "s"	[MsgId: MMSG-13992]
Action.c(8): Notify: Parameter Substitution: parameter "c6" =  "7"	[MsgId: MMSG-13992]
Action.c(8): web_set_user was successful  	[MsgId: MMSG-26392]
Action.c(12): web_url("success.txt") started  	[MsgId: MMSG-26355]
Action.c(12): t=368ms: Connecting [0] to host 34.107.221.82:80  	[MsgId: MMSG-26000]
Action.c(21): t=383ms: 208-byte response headers for "http://detectportal.firefox.com/success.txt" (RelFrameId=1, Internal ID=2)
Action.c(21):     HTTP/1.1 200 OK\r\n
Action.c(21):     Server: nginx\r\n
Action.c(21):     Content-Length: 8\r\n
Action.c(21):     Via: 1.1 google\r\n
Action.c(21):     Date: Sat, 10 Jun 2023 23:28:20 GMT\r\n
Action.c(21):     Age: 75770\r\n
Action.c(21):     Content-Type: text/plain\r\n
Action.c(21):     Cache-Control: public,must-revalidate,max-age=0,s-maxage=3600\r\n
Action.c(21):     \r\n
Action.c(21): t=384ms: 8-byte response body for "http://detectportal.firefox.com/success.txt" (RelFrameId=1, Internal ID=2)
Action.c(21):     success\n
Action.c(21): t=384ms: Request done "http://detectportal.firefox.com/success.txt"  	[MsgId: MMSG-26000]
Action.c(21): web_url("success.txt_2") was successful, 8 body bytes, 208 header bytes  	[MsgId: MMSG-26386]
Action.c(30): Notify: Transaction "openHomepage" started.	[MsgId: MMSG-16999]
Action.c(32): web_url("success.txt_3") started  	[MsgId: MMSG-26355]
Action.c(32): t=385ms: Already connected [0] to detectportal.firefox.com:80  	[MsgId: MMSG-26000]
Action.c(32): t=385ms: 293-byte request headers for "http://detectportal.firefox.com/success.txt?ipv4" (RelFrameId=1, Internal ID=3)
Action.c(32):     GET /success.txt?ipv4 HTTP/1.1\r\n
Action.c(32):     User-Agent: Mozilla/5.0 (Windows NT 10.0; Win64; x64) AppleWebKit/537.36 (KHTML, like Geck
Action.c(32):     o) Chrome/113.0.0.0 Safari/537.36\r\n
Action.c(32):     Accept-Encoding: gzip, deflate\r\n
Action.c(32):     Accept-Language: en-US,en;q=0.5\r\n
Action.c(32):     Accept: */*\r\n
Action.c(32):     Connection: Keep-Alive\r\n
Action.c(32):     Host: detectportal.firefox.com\r\n
Action.c(32):     \r\n
Action.c(12): t=387ms: 207-byte response headers for "http://detectportal.firefox.com/success.txt" (RelFrameId=1, Internal ID=1)
Action.c(12):     HTTP/1.1 200 OK\r\n
Action.c(12):     Server: nginx\r\n
Action.c(12):     Content-Length: 8\r\n
Action.c(12):     Via: 1.1 google\r\n
Action.c(12):     Date: Sun, 11 Jun 2023 19:03:54 GMT\r\n
Action.c(12):     Age: 5236\r\n
Action.c(12):     Content-Type: text/plain\r\n
Action.c(12):     Cache-Control: public,must-revalidate,max-age=0,s-maxage=3600\r\n
Action.c(12):     \r\n
Action.c(12): t=387ms: 8-byte response body for "http://detectportal.firefox.com/success.txt" (RelFrameId=1, Internal ID=1)
Action.c(12):     success\n
Action.c(12): t=387ms: Request done "http://detectportal.firefox.com/success.txt"  	[MsgId: MMSG-26000]
Action.c(12): web_url("success.txt") was successful, 8 body bytes, 207 header bytes  	[MsgId: MMSG-26386]
Action.c(21): web_url("success.txt_2") started  	[MsgId: MMSG-26355]
Action.c(21): t=388ms: Already connected [0] to detectportal.firefox.com:80  	[MsgId: MMSG-26000]
Action.c(21): t=388ms: 288-byte request headers for "http://detectportal.firefox.com/success.txt" (RelFrameId=1, Internal ID=2)
Action.c(21):     GET /success.txt HTTP/1.1\r\n
Action.c(21):     User-Agent: Mozilla/5.0 (Windows NT 10.0; Win64; x64) AppleWebKit/537.36 (KHTML, like Geck
Action.c(21):     o) Chrome/113.0.0.0 Safari/537.36\r\n
Action.c(21):     Accept-Encoding: gzip, deflate\r\n
Action.c(21):     Accept-Language: en-US,en;q=0.5\r\n
Action.c(21):     Accept: */*\r\n
Action.c(21):     Connection: Keep-Alive\r\n
Action.c(21):     Host: detectportal.firefox.com\r\n
Action.c(21):     \r\n
Action.c(12): t=391ms: Connected socket [0] from 192.168.1.73:64459 to 34.107.221.82:80 in 23 ms  	[MsgId: MMSG-26000]
Action.c(12): t=391ms: 288-byte request headers for "http://detectportal.firefox.com/success.txt" (RelFrameId=1, Internal ID=1)
Action.c(12):     GET /success.txt HTTP/1.1\r\n
Action.c(12):     User-Agent: Mozilla/5.0 (Windows NT 10.0; Win64; x64) AppleWebKit/537.36 (KHTML, like Geck
Action.c(12):     o) Chrome/113.0.0.0 Safari/537.36\r\n
Action.c(12):     Accept-Encoding: gzip, deflate\r\n
Action.c(12):     Accept-Language: en-US,en;q=0.5\r\n
Action.c(12):     Accept: */*\r\n
Action.c(12):     Connection: Keep-Alive\r\n
Action.c(12):     Host: detectportal.firefox.com\r\n
Action.c(12):     \r\n
Action.c(32): t=402ms: 208-byte response headers for "http://detectportal.firefox.com/success.txt?ipv4" (RelFrameId=1, Internal ID=3)
Action.c(32):     HTTP/1.1 200 OK\r\n
Action.c(32):     Server: nginx\r\n
Action.c(32):     Content-Length: 8\r\n
Action.c(32):     Via: 1.1 google\r\n
Action.c(32):     Date: Sat, 10 Jun 2023 23:28:20 GMT\r\n
Action.c(32):     Age: 75770\r\n
Action.c(32):     Content-Type: text/plain\r\n
Action.c(32):     Cache-Control: public,must-revalidate,max-age=0,s-maxage=3600\r\n
Action.c(32):     \r\n
Action.c(32): t=403ms: 8-byte response body for "http://detectportal.firefox.com/success.txt?ipv4" (RelFrameId=1, Internal ID=3)
Action.c(32):     success\n
Action.c(32): t=403ms: Request done "http://detectportal.firefox.com/success.txt?ipv4"  	[MsgId: MMSG-26000]
Action.c(32): web_url("success.txt_3") was successful, 8 body bytes, 208 header bytes  	[MsgId: MMSG-26386]
Action.c(41): web_url("success.txt_4") started  	[MsgId: MMSG-26355]
Action.c(41): t=403ms: Already connected [0] to detectportal.firefox.com:80  	[MsgId: MMSG-26000]
Action.c(41): t=403ms: 288-byte request headers for "http://detectportal.firefox.com/success.txt" (RelFrameId=1, Internal ID=4)
Action.c(41):     GET /success.txt HTTP/1.1\r\n
Action.c(41):     User-Agent: Mozilla/5.0 (Windows NT 10.0; Win64; x64) AppleWebKit/537.36 (KHTML, like Geck
Action.c(41):     o) Chrome/113.0.0.0 Safari/537.36\r\n
Action.c(41):     Accept-Encoding: gzip, deflate\r\n
Action.c(41):     Accept-Language: en-US,en;q=0.5\r\n
Action.c(41):     Accept: */*\r\n
Action.c(41):     Connection: Keep-Alive\r\n
Action.c(41):     Host: detectportal.firefox.com\r\n
Action.c(41):     \r\n
Action.c(21): t=409ms: 207-byte response headers for "http://detectportal.firefox.com/success.txt" (RelFrameId=1, Internal ID=2)
Action.c(21):     HTTP/1.1 200 OK\r\n
Action.c(21):     Server: nginx\r\n
Action.c(21):     Content-Length: 8\r\n
Action.c(21):     Via: 1.1 google\r\n
Action.c(21):     Date: Sun, 11 Jun 2023 19:03:54 GMT\r\n
Action.c(21):     Age: 5236\r\n
Action.c(21):     Content-Type: text/plain\r\n
Action.c(21):     Cache-Control: public,must-revalidate,max-age=0,s-maxage=3600\r\n
Action.c(21):     \r\n
Action.c(21): t=410ms: 8-byte response body for "http://detectportal.firefox.com/success.txt" (RelFrameId=1, Internal ID=2)
Action.c(21):     success\n
Action.c(21): t=410ms: Request done "http://detectportal.firefox.com/success.txt"  	[MsgId: MMSG-26000]
Action.c(21): web_url("success.txt_2") was successful, 8 body bytes, 207 header bytes  	[MsgId: MMSG-26386]
Action.c(30): Notify: Transaction "openHomepage" started.	[MsgId: MMSG-16999]
Action.c(32): web_url("success.txt_3") started  	[MsgId: MMSG-26355]
Action.c(32): t=410ms: Already connected [0] to detectportal.firefox.com:80  	[MsgId: MMSG-26000]
Action.c(32): t=410ms: 293-byte request headers for "http://detectportal.firefox.com/success.txt?ipv4" (RelFrameId=1, Internal ID=3)
Action.c(32):     GET /success.txt?ipv4 HTTP/1.1\r\n
Action.c(32):     User-Agent: Mozilla/5.0 (Windows NT 10.0; Win64; x64) AppleWebKit/537.36 (KHTML, like Geck
Action.c(32):     o) Chrome/113.0.0.0 Safari/537.36\r\n
Action.c(32):     Accept-Encoding: gzip, deflate\r\n
Action.c(32):     Accept-Language: en-US,en;q=0.5\r\n
Action.c(32):     Accept: */*\r\n
Action.c(32):     Connection: Keep-Alive\r\n
Action.c(32):     Host: detectportal.firefox.com\r\n
Action.c(32):     \r\n
Action.c(12): t=415ms: 208-byte response headers for "http://detectportal.firefox.com/success.txt" (RelFrameId=1, Internal ID=1)
Action.c(12):     HTTP/1.1 200 OK\r\n
Action.c(12):     Server: nginx\r\n
Action.c(12):     Content-Length: 8\r\n
Action.c(12):     Via: 1.1 google\r\n
Action.c(12):     Date: Sun, 11 Jun 2023 12:22:44 GMT\r\n
Action.c(12):     Age: 29306\r\n
Action.c(12):     Content-Type: text/plain\r\n
Action.c(12):     Cache-Control: public,must-revalidate,max-age=0,s-maxage=3600\r\n
Action.c(12):     \r\n
Action.c(12): t=415ms: 8-byte response body for "http://detectportal.firefox.com/success.txt" (RelFrameId=1, Internal ID=1)
Action.c(12):     success\n
Action.c(12): t=415ms: Request done "http://detectportal.firefox.com/success.txt"  	[MsgId: MMSG-26000]
Action.c(12): web_url("success.txt") was successful, 8 body bytes, 208 header bytes  	[MsgId: MMSG-26386]
Action.c(21): web_url("success.txt_2") started  	[MsgId: MMSG-26355]
Action.c(21): t=416ms: Already connected [0] to detectportal.firefox.com:80  	[MsgId: MMSG-26000]
Action.c(21): t=416ms: 288-byte request headers for "http://detectportal.firefox.com/success.txt" (RelFrameId=1, Internal ID=2)
Action.c(21):     GET /success.txt HTTP/1.1\r\n
Action.c(21):     User-Agent: Mozilla/5.0 (Windows NT 10.0; Win64; x64) AppleWebKit/537.36 (KHTML, like Geck
Action.c(21):     o) Chrome/113.0.0.0 Safari/537.36\r\n
Action.c(21):     Accept-Encoding: gzip, deflate\r\n
Action.c(21):     Accept-Language: en-US,en;q=0.5\r\n
Action.c(21):     Accept: */*\r\n
Action.c(21):     Connection: Keep-Alive\r\n
Action.c(21):     Host: detectportal.firefox.com\r\n
Action.c(21):     \r\n
Action.c(41): t=422ms: 208-byte response headers for "http://detectportal.firefox.com/success.txt" (RelFrameId=1, Internal ID=4)
Action.c(41):     HTTP/1.1 200 OK\r\n
Action.c(41):     Server: nginx\r\n
Action.c(41):     Content-Length: 8\r\n
Action.c(41):     Via: 1.1 google\r\n
Action.c(41):     Date: Sat, 10 Jun 2023 23:28:20 GMT\r\n
Action.c(41):     Age: 75770\r\n
Action.c(41):     Content-Type: text/plain\r\n
Action.c(41):     Cache-Control: public,must-revalidate,max-age=0,s-maxage=3600\r\n
Action.c(41):     \r\n
Action.c(41): t=423ms: 8-byte response body for "http://detectportal.firefox.com/success.txt" (RelFrameId=1, Internal ID=4)
Action.c(41):     success\n
Action.c(41): t=423ms: Request done "http://detectportal.firefox.com/success.txt"  	[MsgId: MMSG-26000]
Action.c(41): web_url("success.txt_4") was successful, 8 body bytes, 208 header bytes  	[MsgId: MMSG-26386]
Action.c(50): web_url("success.txt_5") started  	[MsgId: MMSG-26355]
Action.c(50): t=423ms: Already connected [0] to detectportal.firefox.com:80  	[MsgId: MMSG-26000]
Action.c(50): t=423ms: 293-byte request headers for "http://detectportal.firefox.com/success.txt?ipv4" (RelFrameId=1, Internal ID=5)
Action.c(50):     GET /success.txt?ipv4 HTTP/1.1\r\n
Action.c(50):     User-Agent: Mozilla/5.0 (Windows NT 10.0; Win64; x64) AppleWebKit/537.36 (KHTML, like Geck
Action.c(50):     o) Chrome/113.0.0.0 Safari/537.36\r\n
Action.c(50):     Accept-Encoding: gzip, deflate\r\n
Action.c(50):     Accept-Language: en-US,en;q=0.5\r\n
Action.c(50):     Accept: */*\r\n
Action.c(50):     Connection: Keep-Alive\r\n
Action.c(50):     Host: detectportal.firefox.com\r\n
Action.c(50):     \r\n
Action.c(32): t=431ms: 207-byte response headers for "http://detectportal.firefox.com/success.txt?ipv4" (RelFrameId=1, Internal ID=3)
Action.c(32):     HTTP/1.1 200 OK\r\n
Action.c(32):     Server: nginx\r\n
Action.c(32):     Content-Length: 8\r\n
Action.c(32):     Via: 1.1 google\r\n
Action.c(32):     Date: Sun, 11 Jun 2023 19:03:54 GMT\r\n
Action.c(32):     Age: 5236\r\n
Action.c(32):     Content-Type: text/plain\r\n
Action.c(32):     Cache-Control: public,must-revalidate,max-age=0,s-maxage=3600\r\n
Action.c(32):     \r\n
Action.c(32): t=432ms: 8-byte response body for "http://detectportal.firefox.com/success.txt?ipv4" (RelFrameId=1, Internal ID=3)
Action.c(32):     success\n
Action.c(32): t=432ms: Request done "http://detectportal.firefox.com/success.txt?ipv4"  	[MsgId: MMSG-26000]
Action.c(32): web_url("success.txt_3") was successful, 8 body bytes, 207 header bytes  	[MsgId: MMSG-26386]
Action.c(41): web_url("success.txt_4") started  	[MsgId: MMSG-26355]
Action.c(41): t=432ms: Already connected [0] to detectportal.firefox.com:80  	[MsgId: MMSG-26000]
Action.c(41): t=432ms: 288-byte request headers for "http://detectportal.firefox.com/success.txt" (RelFrameId=1, Internal ID=4)
Action.c(41):     GET /success.txt HTTP/1.1\r\n
Action.c(41):     User-Agent: Mozilla/5.0 (Windows NT 10.0; Win64; x64) AppleWebKit/537.36 (KHTML, like Geck
Action.c(41):     o) Chrome/113.0.0.0 Safari/537.36\r\n
Action.c(41):     Accept-Encoding: gzip, deflate\r\n
Action.c(41):     Accept-Language: en-US,en;q=0.5\r\n
Action.c(41):     Accept: */*\r\n
Action.c(41):     Connection: Keep-Alive\r\n
Action.c(41):     Host: detectportal.firefox.com\r\n
Action.c(41):     \r\n
Action.c(21): t=439ms: 208-byte response headers for "http://detectportal.firefox.com/success.txt" (RelFrameId=1, Internal ID=2)
Action.c(21):     HTTP/1.1 200 OK\r\n
Action.c(21):     Server: nginx\r\n
Action.c(21):     Content-Length: 8\r\n
Action.c(21):     Via: 1.1 google\r\n
Action.c(21):     Date: Sun, 11 Jun 2023 12:22:44 GMT\r\n
Action.c(21):     Age: 29306\r\n
Action.c(21):     Content-Type: text/plain\r\n
Action.c(21):     Cache-Control: public,must-revalidate,max-age=0,s-maxage=3600\r\n
Action.c(21):     \r\n
Action.c(21): t=440ms: 8-byte response body for "http://detectportal.firefox.com/success.txt" (RelFrameId=1, Internal ID=2)
Action.c(21):     success\n
Action.c(21): t=440ms: Request done "http://detectportal.firefox.com/success.txt"  	[MsgId: MMSG-26000]
Action.c(21): web_url("success.txt_2") was successful, 8 body bytes, 208 header bytes  	[MsgId: MMSG-26386]
Action.c(30): Notify: Transaction "openHomepage" started.	[MsgId: MMSG-16999]
Action.c(32): web_url("success.txt_3") started  	[MsgId: MMSG-26355]
Action.c(32): t=440ms: Already connected [0] to detectportal.firefox.com:80  	[MsgId: MMSG-26000]
Action.c(32): t=440ms: 293-byte request headers for "http://detectportal.firefox.com/success.txt?ipv4" (RelFrameId=1, Internal ID=3)
Action.c(32):     GET /success.txt?ipv4 HTTP/1.1\r\n
Action.c(32):     User-Agent: Mozilla/5.0 (Windows NT 10.0; Win64; x64) AppleWebKit/537.36 (KHTML, like Geck
Action.c(32):     o) Chrome/113.0.0.0 Safari/537.36\r\n
Action.c(32):     Accept-Encoding: gzip, deflate\r\n
Action.c(32):     Accept-Language: en-US,en;q=0.5\r\n
Action.c(32):     Accept: */*\r\n
Action.c(32):     Connection: Keep-Alive\r\n
Action.c(32):     Host: detectportal.firefox.com\r\n
Action.c(32):     \r\n
Action.c(50): t=444ms: 208-byte response headers for "http://detectportal.firefox.com/success.txt?ipv4" (RelFrameId=1, Internal ID=5)
Action.c(50):     HTTP/1.1 200 OK\r\n
Action.c(50):     Server: nginx\r\n
Action.c(50):     Content-Length: 8\r\n
Action.c(50):     Via: 1.1 google\r\n
Action.c(50):     Date: Sat, 10 Jun 2023 23:28:20 GMT\r\n
Action.c(50):     Age: 75770\r\n
Action.c(50):     Content-Type: text/plain\r\n
Action.c(50):     Cache-Control: public,must-revalidate,max-age=0,s-maxage=3600\r\n
Action.c(50):     \r\n
Action.c(50): t=444ms: 8-byte response body for "http://detectportal.firefox.com/success.txt?ipv4" (RelFrameId=1, Internal ID=5)
Action.c(50):     success\n
Action.c(50): t=444ms: Request done "http://detectportal.firefox.com/success.txt?ipv4"  	[MsgId: MMSG-26000]
Action.c(50): web_url("success.txt_5") was successful, 8 body bytes, 208 header bytes  	[MsgId: MMSG-26386]
Action.c(59): web_url("success.txt_6") started  	[MsgId: MMSG-26355]
Action.c(59): t=445ms: Already connected [0] to detectportal.firefox.com:80  	[MsgId: MMSG-26000]
Action.c(59): t=445ms: 288-byte request headers for "http://detectportal.firefox.com/success.txt" (RelFrameId=1, Internal ID=6)
Action.c(59):     GET /success.txt HTTP/1.1\r\n
Action.c(59):     User-Agent: Mozilla/5.0 (Windows NT 10.0; Win64; x64) AppleWebKit/537.36 (KHTML, like Geck
Action.c(59):     o) Chrome/113.0.0.0 Safari/537.36\r\n
Action.c(59):     Accept-Encoding: gzip, deflate\r\n
Action.c(59):     Accept-Language: en-US,en;q=0.5\r\n
Action.c(59):     Accept: */*\r\n
Action.c(59):     Connection: Keep-Alive\r\n
Action.c(59):     Host: detectportal.firefox.com\r\n
Action.c(59):     \r\n
Action.c(41): t=454ms: 207-byte response headers for "http://detectportal.firefox.com/success.txt" (RelFrameId=1, Internal ID=4)
Action.c(41):     HTTP/1.1 200 OK\r\n
Action.c(41):     Server: nginx\r\n
Action.c(41):     Content-Length: 8\r\n
Action.c(41):     Via: 1.1 google\r\n
Action.c(41):     Date: Sun, 11 Jun 2023 19:03:54 GMT\r\n
Action.c(41):     Age: 5236\r\n
Action.c(41):     Content-Type: text/plain\r\n
Action.c(41):     Cache-Control: public,must-revalidate,max-age=0,s-maxage=3600\r\n
Action.c(41):     \r\n
Action.c(41): t=455ms: 8-byte response body for "http://detectportal.firefox.com/success.txt" (RelFrameId=1, Internal ID=4)
Action.c(41):     success\n
Action.c(41): t=455ms: Request done "http://detectportal.firefox.com/success.txt"  	[MsgId: MMSG-26000]
Action.c(41): web_url("success.txt_4") was successful, 8 body bytes, 207 header bytes  	[MsgId: MMSG-26386]
Action.c(50): web_url("success.txt_5") started  	[MsgId: MMSG-26355]
Action.c(50): t=455ms: Already connected [0] to detectportal.firefox.com:80  	[MsgId: MMSG-26000]
Action.c(50): t=455ms: 293-byte request headers for "http://detectportal.firefox.com/success.txt?ipv4" (RelFrameId=1, Internal ID=5)
Action.c(50):     GET /success.txt?ipv4 HTTP/1.1\r\n
Action.c(50):     User-Agent: Mozilla/5.0 (Windows NT 10.0; Win64; x64) AppleWebKit/537.36 (KHTML, like Geck
Action.c(50):     o) Chrome/113.0.0.0 Safari/537.36\r\n
Action.c(50):     Accept-Encoding: gzip, deflate\r\n
Action.c(50):     Accept-Language: en-US,en;q=0.5\r\n
Action.c(50):     Accept: */*\r\n
Action.c(50):     Connection: Keep-Alive\r\n
Action.c(50):     Host: detectportal.firefox.com\r\n
Action.c(50):     \r\n
Action.c(59): t=462ms: 208-byte response headers for "http://detectportal.firefox.com/success.txt" (RelFrameId=1, Internal ID=6)
Action.c(59):     HTTP/1.1 200 OK\r\n
Action.c(59):     Server: nginx\r\n
Action.c(59):     Content-Length: 8\r\n
Action.c(59):     Via: 1.1 google\r\n
Action.c(59):     Date: Sat, 10 Jun 2023 23:28:20 GMT\r\n
Action.c(59):     Age: 75770\r\n
Action.c(59):     Content-Type: text/plain\r\n
Action.c(59):     Cache-Control: public,must-revalidate,max-age=0,s-maxage=3600\r\n
Action.c(59):     \r\n
Action.c(59): t=463ms: 8-byte response body for "http://detectportal.firefox.com/success.txt" (RelFrameId=1, Internal ID=6)
Action.c(59):     success\n
Action.c(59): t=463ms: Request done "http://detectportal.firefox.com/success.txt"  	[MsgId: MMSG-26000]
Action.c(59): web_url("success.txt_6") was successful, 8 body bytes, 208 header bytes  	[MsgId: MMSG-26386]
Action.c(68): web_url("success.txt_7") started  	[MsgId: MMSG-26355]
Action.c(68): t=463ms: Already connected [0] to detectportal.firefox.com:80  	[MsgId: MMSG-26000]
Action.c(68): t=463ms: 293-byte request headers for "http://detectportal.firefox.com/success.txt?ipv4" (RelFrameId=1, Internal ID=7)
Action.c(68):     GET /success.txt?ipv4 HTTP/1.1\r\n
Action.c(68):     User-Agent: Mozilla/5.0 (Windows NT 10.0; Win64; x64) AppleWebKit/537.36 (KHTML, like Geck
Action.c(68):     o) Chrome/113.0.0.0 Safari/537.36\r\n
Action.c(68):     Accept-Encoding: gzip, deflate\r\n
Action.c(68):     Accept-Language: en-US,en;q=0.5\r\n
Action.c(68):     Accept: */*\r\n
Action.c(68):     Connection: Keep-Alive\r\n
Action.c(68):     Host: detectportal.firefox.com\r\n
Action.c(68):     \r\n
Action.c(32): t=463ms: 208-byte response headers for "http://detectportal.firefox.com/success.txt?ipv4" (RelFrameId=1, Internal ID=3)
Action.c(32):     HTTP/1.1 200 OK\r\n
Action.c(32):     Server: nginx\r\n
Action.c(32):     Content-Length: 8\r\n
Action.c(32):     Via: 1.1 google\r\n
Action.c(32):     Date: Sun, 11 Jun 2023 12:22:44 GMT\r\n
Action.c(32):     Age: 29306\r\n
Action.c(32):     Content-Type: text/plain\r\n
Action.c(32):     Cache-Control: public,must-revalidate,max-age=0,s-maxage=3600\r\n
Action.c(32):     \r\n
Action.c(32): t=464ms: 8-byte response body for "http://detectportal.firefox.com/success.txt?ipv4" (RelFrameId=1, Internal ID=3)
Action.c(32):     success\n
Action.c(32): t=464ms: Request done "http://detectportal.firefox.com/success.txt?ipv4"  	[MsgId: MMSG-26000]
Action.c(32): web_url("success.txt_3") was successful, 8 body bytes, 208 header bytes  	[MsgId: MMSG-26386]
Action.c(41): web_url("success.txt_4") started  	[MsgId: MMSG-26355]
Action.c(41): t=464ms: Already connected [0] to detectportal.firefox.com:80  	[MsgId: MMSG-26000]
Action.c(41): t=464ms: 288-byte request headers for "http://detectportal.firefox.com/success.txt" (RelFrameId=1, Internal ID=4)
Action.c(41):     GET /success.txt HTTP/1.1\r\n
Action.c(41):     User-Agent: Mozilla/5.0 (Windows NT 10.0; Win64; x64) AppleWebKit/537.36 (KHTML, like Geck
Action.c(41):     o) Chrome/113.0.0.0 Safari/537.36\r\n
Action.c(41):     Accept-Encoding: gzip, deflate\r\n
Action.c(41):     Accept-Language: en-US,en;q=0.5\r\n
Action.c(41):     Accept: */*\r\n
Action.c(41):     Connection: Keep-Alive\r\n
Action.c(41):     Host: detectportal.firefox.com\r\n
Action.c(41):     \r\n
Action.c(50): t=476ms: 207-byte response headers for "http://detectportal.firefox.com/success.txt?ipv4" (RelFrameId=1, Internal ID=5)
Action.c(50):     HTTP/1.1 200 OK\r\n
Action.c(50):     Server: nginx\r\n
Action.c(50):     Content-Length: 8\r\n
Action.c(50):     Via: 1.1 google\r\n
Action.c(50):     Date: Sun, 11 Jun 2023 19:03:54 GMT\r\n
Action.c(50):     Age: 5236\r\n
Action.c(50):     Content-Type: text/plain\r\n
Action.c(50):     Cache-Control: public,must-revalidate,max-age=0,s-maxage=3600\r\n
Action.c(50):     \r\n
Action.c(50): t=476ms: 8-byte response body for "http://detectportal.firefox.com/success.txt?ipv4" (RelFrameId=1, Internal ID=5)
Action.c(50):     success\n
Action.c(50): t=476ms: Request done "http://detectportal.firefox.com/success.txt?ipv4"  	[MsgId: MMSG-26000]
Action.c(50): web_url("success.txt_5") was successful, 8 body bytes, 207 header bytes  	[MsgId: MMSG-26386]
Action.c(59): web_url("success.txt_6") started  	[MsgId: MMSG-26355]
Action.c(59): t=477ms: Already connected [0] to detectportal.firefox.com:80  	[MsgId: MMSG-26000]
Action.c(59): t=477ms: 288-byte request headers for "http://detectportal.firefox.com/success.txt" (RelFrameId=1, Internal ID=6)
Action.c(59):     GET /success.txt HTTP/1.1\r\n
Action.c(59):     User-Agent: Mozilla/5.0 (Windows NT 10.0; Win64; x64) AppleWebKit/537.36 (KHTML, like Geck
Action.c(59):     o) Chrome/113.0.0.0 Safari/537.36\r\n
Action.c(59):     Accept-Encoding: gzip, deflate\r\n
Action.c(59):     Accept-Language: en-US,en;q=0.5\r\n
Action.c(59):     Accept: */*\r\n
Action.c(59):     Connection: Keep-Alive\r\n
Action.c(59):     Host: detectportal.firefox.com\r\n
Action.c(59):     \r\n
Action.c(68): t=482ms: 208-byte response headers for "http://detectportal.firefox.com/success.txt?ipv4" (RelFrameId=1, Internal ID=7)
Action.c(68):     HTTP/1.1 200 OK\r\n
Action.c(68):     Server: nginx\r\n
Action.c(68):     Content-Length: 8\r\n
Action.c(68):     Via: 1.1 google\r\n
Action.c(68):     Date: Sat, 10 Jun 2023 23:28:20 GMT\r\n
Action.c(68):     Age: 75770\r\n
Action.c(68):     Content-Type: text/plain\r\n
Action.c(68):     Cache-Control: public,must-revalidate,max-age=0,s-maxage=3600\r\n
Action.c(68):     \r\n
Action.c(68): t=482ms: 8-byte response body for "http://detectportal.firefox.com/success.txt?ipv4" (RelFrameId=1, Internal ID=7)
Action.c(68):     success\n
Action.c(68): t=482ms: Request done "http://detectportal.firefox.com/success.txt?ipv4"  	[MsgId: MMSG-26000]
Action.c(68): web_url("success.txt_7") was successful, 8 body bytes, 208 header bytes  	[MsgId: MMSG-26386]
Action.c(77): web_url("success.txt_8") started  	[MsgId: MMSG-26355]
Action.c(77): t=482ms: Already connected [0] to detectportal.firefox.com:80  	[MsgId: MMSG-26000]
Action.c(77): t=483ms: 288-byte request headers for "http://detectportal.firefox.com/success.txt" (RelFrameId=1, Internal ID=8)
Action.c(77):     GET /success.txt HTTP/1.1\r\n
Action.c(77):     User-Agent: Mozilla/5.0 (Windows NT 10.0; Win64; x64) AppleWebKit/537.36 (KHTML, like Geck
Action.c(77):     o) Chrome/113.0.0.0 Safari/537.36\r\n
Action.c(77):     Accept-Encoding: gzip, deflate\r\n
Action.c(77):     Accept-Language: en-US,en;q=0.5\r\n
Action.c(77):     Accept: */*\r\n
Action.c(77):     Connection: Keep-Alive\r\n
Action.c(77):     Host: detectportal.firefox.com\r\n
Action.c(77):     \r\n
Action.c(41): t=487ms: 208-byte response headers for "http://detectportal.firefox.com/success.txt" (RelFrameId=1, Internal ID=4)
Action.c(41):     HTTP/1.1 200 OK\r\n
Action.c(41):     Server: nginx\r\n
Action.c(41):     Content-Length: 8\r\n
Action.c(41):     Via: 1.1 google\r\n
Action.c(41):     Date: Sun, 11 Jun 2023 12:22:44 GMT\r\n
Action.c(41):     Age: 29306\r\n
Action.c(41):     Content-Type: text/plain\r\n
Action.c(41):     Cache-Control: public,must-revalidate,max-age=0,s-maxage=3600\r\n
Action.c(41):     \r\n
Action.c(41): t=488ms: 8-byte response body for "http://detectportal.firefox.com/success.txt" (RelFrameId=1, Internal ID=4)
Action.c(41):     success\n
Action.c(41): t=488ms: Request done "http://detectportal.firefox.com/success.txt"  	[MsgId: MMSG-26000]
Action.c(41): web_url("success.txt_4") was successful, 8 body bytes, 208 header bytes  	[MsgId: MMSG-26386]
Action.c(50): web_url("success.txt_5") started  	[MsgId: MMSG-26355]
Action.c(50): t=488ms: Already connected [0] to detectportal.firefox.com:80  	[MsgId: MMSG-26000]
Action.c(50): t=488ms: 293-byte request headers for "http://detectportal.firefox.com/success.txt?ipv4" (RelFrameId=1, Internal ID=5)
Action.c(50):     GET /success.txt?ipv4 HTTP/1.1\r\n
Action.c(50):     User-Agent: Mozilla/5.0 (Windows NT 10.0; Win64; x64) AppleWebKit/537.36 (KHTML, like Geck
Action.c(50):     o) Chrome/113.0.0.0 Safari/537.36\r\n
Action.c(50):     Accept-Encoding: gzip, deflate\r\n
Action.c(50):     Accept-Language: en-US,en;q=0.5\r\n
Action.c(50):     Accept: */*\r\n
Action.c(50):     Connection: Keep-Alive\r\n
Action.c(50):     Host: detectportal.firefox.com\r\n
Action.c(50):     \r\n
Action.c(59): t=498ms: 207-byte response headers for "http://detectportal.firefox.com/success.txt" (RelFrameId=1, Internal ID=6)
Action.c(59):     HTTP/1.1 200 OK\r\n
Action.c(59):     Server: nginx\r\n
Action.c(59):     Content-Length: 8\r\n
Action.c(59):     Via: 1.1 google\r\n
Action.c(59):     Date: Sun, 11 Jun 2023 19:03:54 GMT\r\n
Action.c(59):     Age: 5236\r\n
Action.c(59):     Content-Type: text/plain\r\n
Action.c(59):     Cache-Control: public,must-revalidate,max-age=0,s-maxage=3600\r\n
Action.c(59):     \r\n
Action.c(59): t=498ms: 8-byte response body for "http://detectportal.firefox.com/success.txt" (RelFrameId=1, Internal ID=6)
Action.c(59):     success\n
Action.c(59): t=499ms: Request done "http://detectportal.firefox.com/success.txt"  	[MsgId: MMSG-26000]
Action.c(59): web_url("success.txt_6") was successful, 8 body bytes, 207 header bytes  	[MsgId: MMSG-26386]
Action.c(68): web_url("success.txt_7") started  	[MsgId: MMSG-26355]
Action.c(68): t=499ms: Already connected [0] to detectportal.firefox.com:80  	[MsgId: MMSG-26000]
Action.c(68): t=499ms: 293-byte request headers for "http://detectportal.firefox.com/success.txt?ipv4" (RelFrameId=1, Internal ID=7)
Action.c(68):     GET /success.txt?ipv4 HTTP/1.1\r\n
Action.c(68):     User-Agent: Mozilla/5.0 (Windows NT 10.0; Win64; x64) AppleWebKit/537.36 (KHTML, like Geck
Action.c(68):     o) Chrome/113.0.0.0 Safari/537.36\r\n
Action.c(68):     Accept-Encoding: gzip, deflate\r\n
Action.c(68):     Accept-Language: en-US,en;q=0.5\r\n
Action.c(68):     Accept: */*\r\n
Action.c(68):     Connection: Keep-Alive\r\n
Action.c(68):     Host: detectportal.firefox.com\r\n
Action.c(68):     \r\n
Action.c(77): t=500ms: 208-byte response headers for "http://detectportal.firefox.com/success.txt" (RelFrameId=1, Internal ID=8)
Action.c(77):     HTTP/1.1 200 OK\r\n
Action.c(77):     Server: nginx\r\n
Action.c(77):     Content-Length: 8\r\n
Action.c(77):     Via: 1.1 google\r\n
Action.c(77):     Date: Sat, 10 Jun 2023 23:28:20 GMT\r\n
Action.c(77):     Age: 75770\r\n
Action.c(77):     Content-Type: text/plain\r\n
Action.c(77):     Cache-Control: public,must-revalidate,max-age=0,s-maxage=3600\r\n
Action.c(77):     \r\n
Action.c(77): t=501ms: 8-byte response body for "http://detectportal.firefox.com/success.txt" (RelFrameId=1, Internal ID=8)
Action.c(77):     success\n
Action.c(77): t=501ms: Request done "http://detectportal.firefox.com/success.txt"  	[MsgId: MMSG-26000]
Action.c(77): web_url("success.txt_8") was successful, 8 body bytes, 208 header bytes  	[MsgId: MMSG-26386]
Action.c(86): web_url("success.txt_9") started  	[MsgId: MMSG-26355]
Action.c(86): t=501ms: Already connected [0] to detectportal.firefox.com:80  	[MsgId: MMSG-26000]
Action.c(86): t=501ms: 293-byte request headers for "http://detectportal.firefox.com/success.txt?ipv4" (RelFrameId=1, Internal ID=9)
Action.c(86):     GET /success.txt?ipv4 HTTP/1.1\r\n
Action.c(86):     User-Agent: Mozilla/5.0 (Windows NT 10.0; Win64; x64) AppleWebKit/537.36 (KHTML, like Geck
Action.c(86):     o) Chrome/113.0.0.0 Safari/537.36\r\n
Action.c(86):     Accept-Encoding: gzip, deflate\r\n
Action.c(86):     Accept-Language: en-US,en;q=0.5\r\n
Action.c(86):     Accept: */*\r\n
Action.c(86):     Connection: Keep-Alive\r\n
Action.c(86):     Host: detectportal.firefox.com\r\n
Action.c(86):     \r\n
Action.c(50): t=511ms: 208-byte response headers for "http://detectportal.firefox.com/success.txt?ipv4" (RelFrameId=1, Internal ID=5)
Action.c(50):     HTTP/1.1 200 OK\r\n
Action.c(50):     Server: nginx\r\n
Action.c(50):     Content-Length: 8\r\n
Action.c(50):     Via: 1.1 google\r\n
Action.c(50):     Date: Sun, 11 Jun 2023 12:22:44 GMT\r\n
Action.c(50):     Age: 29306\r\n
Action.c(50):     Content-Type: text/plain\r\n
Action.c(50):     Cache-Control: public,must-revalidate,max-age=0,s-maxage=3600\r\n
Action.c(50):     \r\n
Action.c(50): t=512ms: 8-byte response body for "http://detectportal.firefox.com/success.txt?ipv4" (RelFrameId=1, Internal ID=5)
Action.c(50):     success\n
Action.c(50): t=512ms: Request done "http://detectportal.firefox.com/success.txt?ipv4"  	[MsgId: MMSG-26000]
Action.c(50): web_url("success.txt_5") was successful, 8 body bytes, 208 header bytes  	[MsgId: MMSG-26386]
Action.c(59): web_url("success.txt_6") started  	[MsgId: MMSG-26355]
Action.c(59): t=512ms: Already connected [0] to detectportal.firefox.com:80  	[MsgId: MMSG-26000]
Action.c(59): t=512ms: 288-byte request headers for "http://detectportal.firefox.com/success.txt" (RelFrameId=1, Internal ID=6)
Action.c(59):     GET /success.txt HTTP/1.1\r\n
Action.c(59):     User-Agent: Mozilla/5.0 (Windows NT 10.0; Win64; x64) AppleWebKit/537.36 (KHTML, like Geck
Action.c(59):     o) Chrome/113.0.0.0 Safari/537.36\r\n
Action.c(59):     Accept-Encoding: gzip, deflate\r\n
Action.c(59):     Accept-Language: en-US,en;q=0.5\r\n
Action.c(59):     Accept: */*\r\n
Action.c(59):     Connection: Keep-Alive\r\n
Action.c(59):     Host: detectportal.firefox.com\r\n
Action.c(59):     \r\n
Action.c(86): t=518ms: 208-byte response headers for "http://detectportal.firefox.com/success.txt?ipv4" (RelFrameId=1, Internal ID=9)
Action.c(86):     HTTP/1.1 200 OK\r\n
Action.c(86):     Server: nginx\r\n
Action.c(86):     Content-Length: 8\r\n
Action.c(86):     Via: 1.1 google\r\n
Action.c(86):     Date: Sat, 10 Jun 2023 23:28:20 GMT\r\n
Action.c(86):     Age: 75770\r\n
Action.c(86):     Content-Type: text/plain\r\n
Action.c(86):     Cache-Control: public,must-revalidate,max-age=0,s-maxage=3600\r\n
Action.c(86):     \r\n
Action.c(86): t=519ms: 8-byte response body for "http://detectportal.firefox.com/success.txt?ipv4" (RelFrameId=1, Internal ID=9)
Action.c(86):     success\n
Action.c(86): t=519ms: Request done "http://detectportal.firefox.com/success.txt?ipv4"  	[MsgId: MMSG-26000]
Action.c(86): web_url("success.txt_9") was successful, 8 body bytes, 208 header bytes  	[MsgId: MMSG-26386]
Action.c(95): web_url("success.txt_10") started  	[MsgId: MMSG-26355]
Action.c(95): t=520ms: Already connected [0] to detectportal.firefox.com:80  	[MsgId: MMSG-26000]
Action.c(95): t=520ms: 288-byte request headers for "http://detectportal.firefox.com/success.txt" (RelFrameId=1, Internal ID=10)
Action.c(95):     GET /success.txt HTTP/1.1\r\n
Action.c(95):     User-Agent: Mozilla/5.0 (Windows NT 10.0; Win64; x64) AppleWebKit/537.36 (KHTML, like Geck
Action.c(95):     o) Chrome/113.0.0.0 Safari/537.36\r\n
Action.c(95):     Accept-Encoding: gzip, deflate\r\n
Action.c(95):     Accept-Language: en-US,en;q=0.5\r\n
Action.c(95):     Accept: */*\r\n
Action.c(68): t=520ms: 207-byte response headers for "http://detectportal.firefox.com/success.txt?ipv4" (RelFrameId=1, Internal ID=7)
Action.c(95):     Connection: Keep-Alive\r\n
Action.c(68):     HTTP/1.1 200 OK\r\n
Action.c(95):     Host: detectportal.firefox.com\r\n
Action.c(68):     Server: nginx\r\n
Action.c(95):     \r\n
Action.c(68):     Content-Length: 8\r\n
Action.c(68):     Via: 1.1 google\r\n
Action.c(68):     Date: Sun, 11 Jun 2023 19:03:54 GMT\r\n
Action.c(68):     Age: 5236\r\n
Action.c(68):     Content-Type: text/plain\r\n
Action.c(68):     Cache-Control: public,must-revalidate,max-age=0,s-maxage=3600\r\n
Action.c(68):     \r\n
Action.c(68): t=521ms: 8-byte response body for "http://detectportal.firefox.com/success.txt?ipv4" (RelFrameId=1, Internal ID=7)
Action.c(68):     success\n
Action.c(68): t=521ms: Request done "http://detectportal.firefox.com/success.txt?ipv4"  	[MsgId: MMSG-26000]
Action.c(68): web_url("success.txt_7") was successful, 8 body bytes, 207 header bytes  	[MsgId: MMSG-26386]
Action.c(77): web_url("success.txt_8") started  	[MsgId: MMSG-26355]
Action.c(77): t=521ms: Already connected [0] to detectportal.firefox.com:80  	[MsgId: MMSG-26000]
Action.c(77): t=521ms: 288-byte request headers for "http://detectportal.firefox.com/success.txt" (RelFrameId=1, Internal ID=8)
Action.c(77):     GET /success.txt HTTP/1.1\r\n
Action.c(77):     User-Agent: Mozilla/5.0 (Windows NT 10.0; Win64; x64) AppleWebKit/537.36 (KHTML, like Geck
Action.c(77):     o) Chrome/113.0.0.0 Safari/537.36\r\n
Action.c(77):     Accept-Encoding: gzip, deflate\r\n
Action.c(77):     Accept-Language: en-US,en;q=0.5\r\n
Action.c(77):     Accept: */*\r\n
Action.c(77):     Connection: Keep-Alive\r\n
Action.c(77):     Host: detectportal.firefox.com\r\n
Action.c(77):     \r\n
Action.c(59): t=535ms: 208-byte response headers for "http://detectportal.firefox.com/success.txt" (RelFrameId=1, Internal ID=6)
Action.c(59):     HTTP/1.1 200 OK\r\n
Action.c(59):     Server: nginx\r\n
Action.c(59):     Content-Length: 8\r\n
Action.c(59):     Via: 1.1 google\r\n
Action.c(59):     Date: Sun, 11 Jun 2023 12:22:44 GMT\r\n
Action.c(59):     Age: 29306\r\n
Action.c(59):     Content-Type: text/plain\r\n
Action.c(59):     Cache-Control: public,must-revalidate,max-age=0,s-maxage=3600\r\n
Action.c(59):     \r\n
Action.c(59): t=536ms: 8-byte response body for "http://detectportal.firefox.com/success.txt" (RelFrameId=1, Internal ID=6)
Action.c(59):     success\n
Action.c(59): t=536ms: Request done "http://detectportal.firefox.com/success.txt"  	[MsgId: MMSG-26000]
Action.c(59): web_url("success.txt_6") was successful, 8 body bytes, 208 header bytes  	[MsgId: MMSG-26386]
Action.c(68): web_url("success.txt_7") started  	[MsgId: MMSG-26355]
Action.c(68): t=536ms: Already connected [0] to detectportal.firefox.com:80  	[MsgId: MMSG-26000]
Action.c(68): t=536ms: 293-byte request headers for "http://detectportal.firefox.com/success.txt?ipv4" (RelFrameId=1, Internal ID=7)
Action.c(68):     GET /success.txt?ipv4 HTTP/1.1\r\n
Action.c(68):     User-Agent: Mozilla/5.0 (Windows NT 10.0; Win64; x64) AppleWebKit/537.36 (KHTML, like Geck
Action.c(68):     o) Chrome/113.0.0.0 Safari/537.36\r\n
Action.c(68):     Accept-Encoding: gzip, deflate\r\n
Action.c(68):     Accept-Language: en-US,en;q=0.5\r\n
Action.c(68):     Accept: */*\r\n
Action.c(68):     Connection: Keep-Alive\r\n
Action.c(68):     Host: detectportal.firefox.com\r\n
Action.c(68):     \r\n
Action.c(95): t=538ms: 208-byte response headers for "http://detectportal.firefox.com/success.txt" (RelFrameId=1, Internal ID=10)
Action.c(95):     HTTP/1.1 200 OK\r\n
Action.c(95):     Server: nginx\r\n
Action.c(95):     Content-Length: 8\r\n
Action.c(95):     Via: 1.1 google\r\n
Action.c(95):     Date: Sat, 10 Jun 2023 23:28:20 GMT\r\n
Action.c(95):     Age: 75770\r\n
Action.c(95):     Content-Type: text/plain\r\n
Action.c(95):     Cache-Control: public,must-revalidate,max-age=0,s-maxage=3600\r\n
Action.c(95):     \r\n
Action.c(95): t=539ms: 8-byte response body for "http://detectportal.firefox.com/success.txt" (RelFrameId=1, Internal ID=10)
Action.c(95):     success\n
Action.c(95): t=539ms: Request done "http://detectportal.firefox.com/success.txt"  	[MsgId: MMSG-26000]
Action.c(95): web_url("success.txt_10") was successful, 8 body bytes, 208 header bytes  	[MsgId: MMSG-26386]
Action.c(104): web_url("success.txt_11") started  	[MsgId: MMSG-26355]
Action.c(104): t=539ms: Already connected [0] to detectportal.firefox.com:80  	[MsgId: MMSG-26000]
Action.c(104): t=539ms: 293-byte request headers for "http://detectportal.firefox.com/success.txt?ipv4" (RelFrameId=1, Internal ID=11)
Action.c(104):     GET /success.txt?ipv4 HTTP/1.1\r\n
Action.c(104):     User-Agent: Mozilla/5.0 (Windows NT 10.0; Win64; x64) AppleWebKit/537.36 (KHTML, like Geck
Action.c(104):     o) Chrome/113.0.0.0 Safari/537.36\r\n
Action.c(104):     Accept-Encoding: gzip, deflate\r\n
Action.c(104):     Accept-Language: en-US,en;q=0.5\r\n
Action.c(104):     Accept: */*\r\n
Action.c(104):     Connection: Keep-Alive\r\n
Action.c(104):     Host: detectportal.firefox.com\r\n
Action.c(104):     \r\n
Action.c(77): t=542ms: 207-byte response headers for "http://detectportal.firefox.com/success.txt" (RelFrameId=1, Internal ID=8)
Action.c(77):     HTTP/1.1 200 OK\r\n
Action.c(77):     Server: nginx\r\n
Action.c(77):     Content-Length: 8\r\n
Action.c(77):     Via: 1.1 google\r\n
Action.c(77):     Date: Sun, 11 Jun 2023 19:03:54 GMT\r\n
Action.c(77):     Age: 5236\r\n
Action.c(77):     Content-Type: text/plain\r\n
Action.c(77):     Cache-Control: public,must-revalidate,max-age=0,s-maxage=3600\r\n
Action.c(77):     \r\n
Action.c(77): t=543ms: 8-byte response body for "http://detectportal.firefox.com/success.txt" (RelFrameId=1, Internal ID=8)
Action.c(77):     success\n
Action.c(77): t=543ms: Request done "http://detectportal.firefox.com/success.txt"  	[MsgId: MMSG-26000]
Action.c(77): web_url("success.txt_8") was successful, 8 body bytes, 207 header bytes  	[MsgId: MMSG-26386]
Action.c(86): web_url("success.txt_9") started  	[MsgId: MMSG-26355]
Action.c(86): t=543ms: Already connected [0] to detectportal.firefox.com:80  	[MsgId: MMSG-26000]
Action.c(86): t=543ms: 293-byte request headers for "http://detectportal.firefox.com/success.txt?ipv4" (RelFrameId=1, Internal ID=9)
Action.c(86):     GET /success.txt?ipv4 HTTP/1.1\r\n
Action.c(86):     User-Agent: Mozilla/5.0 (Windows NT 10.0; Win64; x64) AppleWebKit/537.36 (KHTML, like Geck
Action.c(86):     o) Chrome/113.0.0.0 Safari/537.36\r\n
Action.c(86):     Accept-Encoding: gzip, deflate\r\n
Action.c(86):     Accept-Language: en-US,en;q=0.5\r\n
Action.c(86):     Accept: */*\r\n
Action.c(86):     Connection: Keep-Alive\r\n
Action.c(86):     Host: detectportal.firefox.com\r\n
Action.c(86):     \r\n
Action.c(104): t=557ms: 208-byte response headers for "http://detectportal.firefox.com/success.txt?ipv4" (RelFrameId=1, Internal ID=11)
Action.c(104):     HTTP/1.1 200 OK\r\n
Action.c(104):     Server: nginx\r\n
Action.c(104):     Content-Length: 8\r\n
Action.c(104):     Via: 1.1 google\r\n
Action.c(104):     Date: Sat, 10 Jun 2023 23:28:20 GMT\r\n
Action.c(104):     Age: 75770\r\n
Action.c(104):     Content-Type: text/plain\r\n
Action.c(104):     Cache-Control: public,must-revalidate,max-age=0,s-maxage=3600\r\n
Action.c(104):     \r\n
Action.c(104): t=558ms: 8-byte response body for "http://detectportal.firefox.com/success.txt?ipv4" (RelFrameId=1, Internal ID=11)
Action.c(104):     success\n
Action.c(104): t=558ms: Request done "http://detectportal.firefox.com/success.txt?ipv4"  	[MsgId: MMSG-26000]
Action.c(104): web_url("success.txt_11") was successful, 8 body bytes, 208 header bytes  	[MsgId: MMSG-26386]
Action.c(113): web_url("success.txt_12") started  	[MsgId: MMSG-26355]
Action.c(113): t=558ms: Already connected [0] to detectportal.firefox.com:80  	[MsgId: MMSG-26000]
Action.c(113): t=558ms: 288-byte request headers for "http://detectportal.firefox.com/success.txt" (RelFrameId=1, Internal ID=12)
Action.c(113):     GET /success.txt HTTP/1.1\r\n
Action.c(113):     User-Agent: Mozilla/5.0 (Windows NT 10.0; Win64; x64) AppleWebKit/537.36 (KHTML, like Geck
Action.c(113):     o) Chrome/113.0.0.0 Safari/537.36\r\n
Action.c(113):     Accept-Encoding: gzip, deflate\r\n
Action.c(113):     Accept-Language: en-US,en;q=0.5\r\n
Action.c(113):     Accept: */*\r\n
Action.c(113):     Connection: Keep-Alive\r\n
Action.c(113):     Host: detectportal.firefox.com\r\n
Action.c(113):     \r\n
Action.c(68): t=560ms: 208-byte response headers for "http://detectportal.firefox.com/success.txt?ipv4" (RelFrameId=1, Internal ID=7)
Action.c(68):     HTTP/1.1 200 OK\r\n
Action.c(68):     Server: nginx\r\n
Action.c(68):     Content-Length: 8\r\n
Action.c(68):     Via: 1.1 google\r\n
Action.c(68):     Date: Sun, 11 Jun 2023 12:22:44 GMT\r\n
Action.c(68):     Age: 29306\r\n
Action.c(68):     Content-Type: text/plain\r\n
Action.c(68):     Cache-Control: public,must-revalidate,max-age=0,s-maxage=3600\r\n
Action.c(68):     \r\n
Action.c(68): t=561ms: 8-byte response body for "http://detectportal.firefox.com/success.txt?ipv4" (RelFrameId=1, Internal ID=7)
Action.c(68):     success\n
Action.c(68): t=561ms: Request done "http://detectportal.firefox.com/success.txt?ipv4"  	[MsgId: MMSG-26000]
Action.c(68): web_url("success.txt_7") was successful, 8 body bytes, 208 header bytes  	[MsgId: MMSG-26386]
Action.c(77): web_url("success.txt_8") started  	[MsgId: MMSG-26355]
Action.c(77): t=561ms: Already connected [0] to detectportal.firefox.com:80  	[MsgId: MMSG-26000]
Action.c(77): t=561ms: 288-byte request headers for "http://detectportal.firefox.com/success.txt" (RelFrameId=1, Internal ID=8)
Action.c(77):     GET /success.txt HTTP/1.1\r\n
Action.c(77):     User-Agent: Mozilla/5.0 (Windows NT 10.0; Win64; x64) AppleWebKit/537.36 (KHTML, like Geck
Action.c(77):     o) Chrome/113.0.0.0 Safari/537.36\r\n
Action.c(77):     Accept-Encoding: gzip, deflate\r\n
Action.c(77):     Accept-Language: en-US,en;q=0.5\r\n
Action.c(77):     Accept: */*\r\n
Action.c(77):     Connection: Keep-Alive\r\n
Action.c(77):     Host: detectportal.firefox.com\r\n
Action.c(77):     \r\n
Action.c(86): t=565ms: 207-byte response headers for "http://detectportal.firefox.com/success.txt?ipv4" (RelFrameId=1, Internal ID=9)
Action.c(86):     HTTP/1.1 200 OK\r\n
Action.c(86):     Server: nginx\r\n
Action.c(86):     Content-Length: 8\r\n
Action.c(86):     Via: 1.1 google\r\n
Action.c(86):     Date: Sun, 11 Jun 2023 19:03:54 GMT\r\n
Action.c(86):     Age: 5236\r\n
Action.c(86):     Content-Type: text/plain\r\n
Action.c(86):     Cache-Control: public,must-revalidate,max-age=0,s-maxage=3600\r\n
Action.c(86):     \r\n
Action.c(86): t=565ms: 8-byte response body for "http://detectportal.firefox.com/success.txt?ipv4" (RelFrameId=1, Internal ID=9)
Action.c(86):     success\n
Action.c(86): t=565ms: Request done "http://detectportal.firefox.com/success.txt?ipv4"  	[MsgId: MMSG-26000]
Action.c(86): web_url("success.txt_9") was successful, 8 body bytes, 207 header bytes  	[MsgId: MMSG-26386]
Action.c(95): web_url("success.txt_10") started  	[MsgId: MMSG-26355]
Action.c(95): t=565ms: Already connected [0] to detectportal.firefox.com:80  	[MsgId: MMSG-26000]
Action.c(95): t=565ms: 288-byte request headers for "http://detectportal.firefox.com/success.txt" (RelFrameId=1, Internal ID=10)
Action.c(95):     GET /success.txt HTTP/1.1\r\n
Action.c(95):     User-Agent: Mozilla/5.0 (Windows NT 10.0; Win64; x64) AppleWebKit/537.36 (KHTML, like Geck
Action.c(95):     o) Chrome/113.0.0.0 Safari/537.36\r\n
Action.c(95):     Accept-Encoding: gzip, deflate\r\n
Action.c(95):     Accept-Language: en-US,en;q=0.5\r\n
Action.c(95):     Accept: */*\r\n
Action.c(95):     Connection: Keep-Alive\r\n
Action.c(95):     Host: detectportal.firefox.com\r\n
Action.c(95):     \r\n
Action.c(113): t=577ms: 208-byte response headers for "http://detectportal.firefox.com/success.txt" (RelFrameId=1, Internal ID=12)
Action.c(113):     HTTP/1.1 200 OK\r\n
Action.c(113):     Server: nginx\r\n
Action.c(113):     Content-Length: 8\r\n
Action.c(113):     Via: 1.1 google\r\n
Action.c(113):     Date: Sat, 10 Jun 2023 23:28:20 GMT\r\n
Action.c(113):     Age: 75770\r\n
Action.c(113):     Content-Type: text/plain\r\n
Action.c(113):     Cache-Control: public,must-revalidate,max-age=0,s-maxage=3600\r\n
Action.c(113):     \r\n
Action.c(113): t=578ms: 8-byte response body for "http://detectportal.firefox.com/success.txt" (RelFrameId=1, Internal ID=12)
Action.c(113):     success\n
Action.c(113): t=578ms: Request done "http://detectportal.firefox.com/success.txt"  	[MsgId: MMSG-26000]
Action.c(113): web_url("success.txt_12") was successful, 8 body bytes, 208 header bytes  	[MsgId: MMSG-26386]
Action.c(122): web_url("success.txt_13") started  	[MsgId: MMSG-26355]
Action.c(122): t=578ms: Already connected [0] to detectportal.firefox.com:80  	[MsgId: MMSG-26000]
Action.c(122): t=578ms: 293-byte request headers for "http://detectportal.firefox.com/success.txt?ipv4" (RelFrameId=1, Internal ID=13)
Action.c(122):     GET /success.txt?ipv4 HTTP/1.1\r\n
Action.c(122):     User-Agent: Mozilla/5.0 (Windows NT 10.0; Win64; x64) AppleWebKit/537.36 (KHTML, like Geck
Action.c(122):     o) Chrome/113.0.0.0 Safari/537.36\r\n
Action.c(122):     Accept-Encoding: gzip, deflate\r\n
Action.c(122):     Accept-Language: en-US,en;q=0.5\r\n
Action.c(122):     Accept: */*\r\n
Action.c(122):     Connection: Keep-Alive\r\n
Action.c(122):     Host: detectportal.firefox.com\r\n
Action.c(122):     \r\n
Action.c(77): t=584ms: 208-byte response headers for "http://detectportal.firefox.com/success.txt" (RelFrameId=1, Internal ID=8)
Action.c(77):     HTTP/1.1 200 OK\r\n
Action.c(77):     Server: nginx\r\n
Action.c(77):     Content-Length: 8\r\n
Action.c(77):     Via: 1.1 google\r\n
Action.c(77):     Date: Sun, 11 Jun 2023 12:22:44 GMT\r\n
Action.c(77):     Age: 29306\r\n
Action.c(77):     Content-Type: text/plain\r\n
Action.c(77):     Cache-Control: public,must-revalidate,max-age=0,s-maxage=3600\r\n
Action.c(77):     \r\n
Action.c(77): t=584ms: 8-byte response body for "http://detectportal.firefox.com/success.txt" (RelFrameId=1, Internal ID=8)
Action.c(77):     success\n
Action.c(77): t=584ms: Request done "http://detectportal.firefox.com/success.txt"  	[MsgId: MMSG-26000]
Action.c(77): web_url("success.txt_8") was successful, 8 body bytes, 208 header bytes  	[MsgId: MMSG-26386]
Action.c(86): web_url("success.txt_9") started  	[MsgId: MMSG-26355]
Action.c(86): t=585ms: Already connected [0] to detectportal.firefox.com:80  	[MsgId: MMSG-26000]
Action.c(86): t=585ms: 293-byte request headers for "http://detectportal.firefox.com/success.txt?ipv4" (RelFrameId=1, Internal ID=9)
Action.c(86):     GET /success.txt?ipv4 HTTP/1.1\r\n
Action.c(86):     User-Agent: Mozilla/5.0 (Windows NT 10.0; Win64; x64) AppleWebKit/537.36 (KHTML, like Geck
Action.c(86):     o) Chrome/113.0.0.0 Safari/537.36\r\n
Action.c(86):     Accept-Encoding: gzip, deflate\r\n
Action.c(86):     Accept-Language: en-US,en;q=0.5\r\n
Action.c(86):     Accept: */*\r\n
Action.c(86):     Connection: Keep-Alive\r\n
Action.c(86):     Host: detectportal.firefox.com\r\n
Action.c(86):     \r\n
Action.c(95): t=587ms: 207-byte response headers for "http://detectportal.firefox.com/success.txt" (RelFrameId=1, Internal ID=10)
Action.c(95):     HTTP/1.1 200 OK\r\n
Action.c(95):     Server: nginx\r\n
Action.c(95):     Content-Length: 8\r\n
Action.c(95):     Via: 1.1 google\r\n
Action.c(95):     Date: Sun, 11 Jun 2023 19:03:54 GMT\r\n
Action.c(95):     Age: 5236\r\n
Action.c(95):     Content-Type: text/plain\r\n
Action.c(95):     Cache-Control: public,must-revalidate,max-age=0,s-maxage=3600\r\n
Action.c(95):     \r\n
Action.c(95): t=588ms: 8-byte response body for "http://detectportal.firefox.com/success.txt" (RelFrameId=1, Internal ID=10)
Action.c(95):     success\n
Action.c(95): t=588ms: Request done "http://detectportal.firefox.com/success.txt"  	[MsgId: MMSG-26000]
Action.c(95): web_url("success.txt_10") was successful, 8 body bytes, 207 header bytes  	[MsgId: MMSG-26386]
Action.c(104): web_url("success.txt_11") started  	[MsgId: MMSG-26355]
Action.c(104): t=588ms: Already connected [0] to detectportal.firefox.com:80  	[MsgId: MMSG-26000]
Action.c(104): t=588ms: 293-byte request headers for "http://detectportal.firefox.com/success.txt?ipv4" (RelFrameId=1, Internal ID=11)
Action.c(104):     GET /success.txt?ipv4 HTTP/1.1\r\n
Action.c(104):     User-Agent: Mozilla/5.0 (Windows NT 10.0; Win64; x64) AppleWebKit/537.36 (KHTML, like Geck
Action.c(104):     o) Chrome/113.0.0.0 Safari/537.36\r\n
Action.c(104):     Accept-Encoding: gzip, deflate\r\n
Action.c(104):     Accept-Language: en-US,en;q=0.5\r\n
Action.c(104):     Accept: */*\r\n
Action.c(104):     Connection: Keep-Alive\r\n
Action.c(104):     Host: detectportal.firefox.com\r\n
Action.c(104):     \r\n
Action.c(122): t=597ms: 208-byte response headers for "http://detectportal.firefox.com/success.txt?ipv4" (RelFrameId=1, Internal ID=13)
Action.c(122):     HTTP/1.1 200 OK\r\n
Action.c(122):     Server: nginx\r\n
Action.c(122):     Content-Length: 8\r\n
Action.c(122):     Via: 1.1 google\r\n
Action.c(122):     Date: Sat, 10 Jun 2023 23:28:20 GMT\r\n
Action.c(122):     Age: 75770\r\n
Action.c(122):     Content-Type: text/plain\r\n
Action.c(122):     Cache-Control: public,must-revalidate,max-age=0,s-maxage=3600\r\n
Action.c(122):     \r\n
Action.c(122): t=597ms: 8-byte response body for "http://detectportal.firefox.com/success.txt?ipv4" (RelFrameId=1, Internal ID=13)
Action.c(122):     success\n
Action.c(122): t=598ms: Request done "http://detectportal.firefox.com/success.txt?ipv4"  	[MsgId: MMSG-26000]
Action.c(122): web_url("success.txt_13") was successful, 8 body bytes, 208 header bytes  	[MsgId: MMSG-26386]
Action.c(131): web_url("success.txt_14") started  	[MsgId: MMSG-26355]
Action.c(131): t=598ms: Already connected [0] to detectportal.firefox.com:80  	[MsgId: MMSG-26000]
Action.c(131): t=598ms: 288-byte request headers for "http://detectportal.firefox.com/success.txt" (RelFrameId=1, Internal ID=14)
Action.c(131):     GET /success.txt HTTP/1.1\r\n
Action.c(131):     User-Agent: Mozilla/5.0 (Windows NT 10.0; Win64; x64) AppleWebKit/537.36 (KHTML, like Geck
Action.c(131):     o) Chrome/113.0.0.0 Safari/537.36\r\n
Action.c(131):     Accept-Encoding: gzip, deflate\r\n
Action.c(131):     Accept-Language: en-US,en;q=0.5\r\n
Action.c(131):     Accept: */*\r\n
Action.c(131):     Connection: Keep-Alive\r\n
Action.c(131):     Host: detectportal.firefox.com\r\n
Action.c(131):     \r\n
Action.c(86): t=608ms: 208-byte response headers for "http://detectportal.firefox.com/success.txt?ipv4" (RelFrameId=1, Internal ID=9)
Action.c(86):     HTTP/1.1 200 OK\r\n
Action.c(86):     Server: nginx\r\n
Action.c(86):     Content-Length: 8\r\n
Action.c(86):     Via: 1.1 google\r\n
Action.c(86):     Date: Sun, 11 Jun 2023 12:22:44 GMT\r\n
Action.c(86):     Age: 29306\r\n
Action.c(86):     Content-Type: text/plain\r\n
Action.c(86):     Cache-Control: public,must-revalidate,max-age=0,s-maxage=3600\r\n
Action.c(86):     \r\n
Action.c(86): t=608ms: 8-byte response body for "http://detectportal.firefox.com/success.txt?ipv4" (RelFrameId=1, Internal ID=9)
Action.c(86):     success\n
Action.c(86): t=609ms: Request done "http://detectportal.firefox.com/success.txt?ipv4"  	[MsgId: MMSG-26000]
Action.c(86): web_url("success.txt_9") was successful, 8 body bytes, 208 header bytes  	[MsgId: MMSG-26386]
Action.c(95): web_url("success.txt_10") started  	[MsgId: MMSG-26355]
Action.c(95): t=609ms: Already connected [0] to detectportal.firefox.com:80  	[MsgId: MMSG-26000]
Action.c(95): t=609ms: 288-byte request headers for "http://detectportal.firefox.com/success.txt" (RelFrameId=1, Internal ID=10)
Action.c(95):     GET /success.txt HTTP/1.1\r\n
Action.c(95):     User-Agent: Mozilla/5.0 (Windows NT 10.0; Win64; x64) AppleWebKit/537.36 (KHTML, like Geck
Action.c(95):     o) Chrome/113.0.0.0 Safari/537.36\r\n
Action.c(95):     Accept-Encoding: gzip, deflate\r\n
Action.c(95):     Accept-Language: en-US,en;q=0.5\r\n
Action.c(95):     Accept: */*\r\n
Action.c(95):     Connection: Keep-Alive\r\n
Action.c(95):     Host: detectportal.firefox.com\r\n
Action.c(95):     \r\n
Action.c(104): t=612ms: 207-byte response headers for "http://detectportal.firefox.com/success.txt?ipv4" (RelFrameId=1, Internal ID=11)
Action.c(104):     HTTP/1.1 200 OK\r\n
Action.c(104):     Server: nginx\r\n
Action.c(104):     Content-Length: 8\r\n
Action.c(104):     Via: 1.1 google\r\n
Action.c(104):     Date: Sun, 11 Jun 2023 19:03:54 GMT\r\n
Action.c(104):     Age: 5236\r\n
Action.c(104):     Content-Type: text/plain\r\n
Action.c(104):     Cache-Control: public,must-revalidate,max-age=0,s-maxage=3600\r\n
Action.c(104):     \r\n
Action.c(104): t=613ms: 8-byte response body for "http://detectportal.firefox.com/success.txt?ipv4" (RelFrameId=1, Internal ID=11)
Action.c(104):     success\n
Action.c(104): t=613ms: Request done "http://detectportal.firefox.com/success.txt?ipv4"  	[MsgId: MMSG-26000]
Action.c(104): web_url("success.txt_11") was successful, 8 body bytes, 207 header bytes  	[MsgId: MMSG-26386]
Action.c(113): web_url("success.txt_12") started  	[MsgId: MMSG-26355]
Action.c(113): t=613ms: Already connected [0] to detectportal.firefox.com:80  	[MsgId: MMSG-26000]
Action.c(113): t=613ms: 288-byte request headers for "http://detectportal.firefox.com/success.txt" (RelFrameId=1, Internal ID=12)
Action.c(113):     GET /success.txt HTTP/1.1\r\n
Action.c(113):     User-Agent: Mozilla/5.0 (Windows NT 10.0; Win64; x64) AppleWebKit/537.36 (KHTML, like Geck
Action.c(113):     o) Chrome/113.0.0.0 Safari/537.36\r\n
Action.c(113):     Accept-Encoding: gzip, deflate\r\n
Action.c(113):     Accept-Language: en-US,en;q=0.5\r\n
Action.c(113):     Accept: */*\r\n
Action.c(113):     Connection: Keep-Alive\r\n
Action.c(113):     Host: detectportal.firefox.com\r\n
Action.c(113):     \r\n
Action.c(131): t=615ms: 208-byte response headers for "http://detectportal.firefox.com/success.txt" (RelFrameId=1, Internal ID=14)
Action.c(131):     HTTP/1.1 200 OK\r\n
Action.c(131):     Server: nginx\r\n
Action.c(131):     Content-Length: 8\r\n
Action.c(131):     Via: 1.1 google\r\n
Action.c(131):     Date: Sat, 10 Jun 2023 23:28:20 GMT\r\n
Action.c(131):     Age: 75770\r\n
Action.c(131):     Content-Type: text/plain\r\n
Action.c(131):     Cache-Control: public,must-revalidate,max-age=0,s-maxage=3600\r\n
Action.c(131):     \r\n
Action.c(131): t=616ms: 8-byte response body for "http://detectportal.firefox.com/success.txt" (RelFrameId=1, Internal ID=14)
Action.c(131):     success\n
Action.c(131): t=616ms: Request done "http://detectportal.firefox.com/success.txt"  	[MsgId: MMSG-26000]
Action.c(131): web_url("success.txt_14") was successful, 8 body bytes, 208 header bytes  	[MsgId: MMSG-26386]
Action.c(140): web_url("success.txt_15") started  	[MsgId: MMSG-26355]
Action.c(140): t=616ms: Already connected [0] to detectportal.firefox.com:80  	[MsgId: MMSG-26000]
Action.c(140): t=616ms: 293-byte request headers for "http://detectportal.firefox.com/success.txt?ipv4" (RelFrameId=1, Internal ID=15)
Action.c(140):     GET /success.txt?ipv4 HTTP/1.1\r\n
Action.c(140):     User-Agent: Mozilla/5.0 (Windows NT 10.0; Win64; x64) AppleWebKit/537.36 (KHTML, like Geck
Action.c(140):     o) Chrome/113.0.0.0 Safari/537.36\r\n
Action.c(140):     Accept-Encoding: gzip, deflate\r\n
Action.c(140):     Accept-Language: en-US,en;q=0.5\r\n
Action.c(140):     Accept: */*\r\n
Action.c(140):     Connection: Keep-Alive\r\n
Action.c(140):     Host: detectportal.firefox.com\r\n
Action.c(140):     \r\n
Action.c(95): t=632ms: 208-byte response headers for "http://detectportal.firefox.com/success.txt" (RelFrameId=1, Internal ID=10)
Action.c(95):     HTTP/1.1 200 OK\r\n
Action.c(95):     Server: nginx\r\n
Action.c(95):     Content-Length: 8\r\n
Action.c(95):     Via: 1.1 google\r\n
Action.c(95):     Date: Sun, 11 Jun 2023 12:22:44 GMT\r\n
Action.c(95):     Age: 29306\r\n
Action.c(95):     Content-Type: text/plain\r\n
Action.c(95):     Cache-Control: public,must-revalidate,max-age=0,s-maxage=3600\r\n
Action.c(95):     \r\n
Action.c(95): t=632ms: 8-byte response body for "http://detectportal.firefox.com/success.txt" (RelFrameId=1, Internal ID=10)
Action.c(95):     success\n
Action.c(95): t=632ms: Request done "http://detectportal.firefox.com/success.txt"  	[MsgId: MMSG-26000]
Action.c(95): web_url("success.txt_10") was successful, 8 body bytes, 208 header bytes  	[MsgId: MMSG-26386]
Action.c(104): web_url("success.txt_11") started  	[MsgId: MMSG-26355]
Action.c(104): t=633ms: Already connected [0] to detectportal.firefox.com:80  	[MsgId: MMSG-26000]
Action.c(104): t=633ms: 293-byte request headers for "http://detectportal.firefox.com/success.txt?ipv4" (RelFrameId=1, Internal ID=11)
Action.c(104):     GET /success.txt?ipv4 HTTP/1.1\r\n
Action.c(104):     User-Agent: Mozilla/5.0 (Windows NT 10.0; Win64; x64) AppleWebKit/537.36 (KHTML, like Geck
Action.c(104):     o) Chrome/113.0.0.0 Safari/537.36\r\n
Action.c(104):     Accept-Encoding: gzip, deflate\r\n
Action.c(104):     Accept-Language: en-US,en;q=0.5\r\n
Action.c(104):     Accept: */*\r\n
Action.c(104):     Connection: Keep-Alive\r\n
Action.c(104):     Host: detectportal.firefox.com\r\n
Action.c(104):     \r\n
Action.c(140): t=634ms: 208-byte response headers for "http://detectportal.firefox.com/success.txt?ipv4" (RelFrameId=1, Internal ID=15)
Action.c(140):     HTTP/1.1 200 OK\r\n
Action.c(140):     Server: nginx\r\n
Action.c(140):     Content-Length: 8\r\n
Action.c(140):     Via: 1.1 google\r\n
Action.c(140):     Date: Sat, 10 Jun 2023 23:28:20 GMT\r\n
Action.c(140):     Age: 75770\r\n
Action.c(140):     Content-Type: text/plain\r\n
Action.c(140):     Cache-Control: public,must-revalidate,max-age=0,s-maxage=3600\r\n
Action.c(140):     \r\n
Action.c(140): t=634ms: 8-byte response body for "http://detectportal.firefox.com/success.txt?ipv4" (RelFrameId=1, Internal ID=15)
Action.c(140):     success\n
Action.c(140): t=634ms: Request done "http://detectportal.firefox.com/success.txt?ipv4"  	[MsgId: MMSG-26000]
Action.c(140): web_url("success.txt_15") was successful, 8 body bytes, 208 header bytes  	[MsgId: MMSG-26386]
Action.c(149): web_add_auto_header("DNT") started  	[MsgId: MMSG-26355]
Action.c(149): An unrecognized header ("DNT") is being added  	[MsgId: MMSG-26595]
Action.c(149): "DNT: 1" header registered for adding to requests from all following Action functions  	[MsgId: MMSG-26505]
Action.c(149): web_add_auto_header("DNT") was successful  	[MsgId: MMSG-26392]
Action.c(113): t=634ms: 207-byte response headers for "http://detectportal.firefox.com/success.txt" (RelFrameId=1, Internal ID=12)
Action.c(152): web_add_header("Upgrade-Insecure-Requests") started  	[MsgId: MMSG-26355]
Action.c(113):     HTTP/1.1 200 OK\r\n
Action.c(113):     Server: nginx\r\n
Action.c(152): An unrecognized header ("Upgrade-Insecure-Requests") is being added  	[MsgId: MMSG-26595]
Action.c(113):     Content-Length: 8\r\n
Action.c(113):     Via: 1.1 google\r\n
Action.c(152): "Upgrade-Insecure-Requests: 1" header registered for adding to requests from the immediately following Action function  	[MsgId: MMSG-26506]
Action.c(113):     Date: Sun, 11 Jun 2023 19:03:54 GMT\r\n
Action.c(113):     Age: 5236\r\n
Action.c(152): web_add_header("Upgrade-Insecure-Requests") was successful  	[MsgId: MMSG-26392]
Action.c(113):     Content-Type: text/plain\r\n
Action.c(113):     Cache-Control: public,must-revalidate,max-age=0,s-maxage=3600\r\n
Action.c(113):     \r\n
Action.c(155): lr_think_time: 6,00 seconds.	[MsgId: MMSG-15948]
Action.c(113): t=635ms: 8-byte response body for "http://detectportal.firefox.com/success.txt" (RelFrameId=1, Internal ID=12)
Action.c(113):     success\n
Action.c(113): t=635ms: Request done "http://detectportal.firefox.com/success.txt"  	[MsgId: MMSG-26000]
Action.c(113): web_url("success.txt_12") was successful, 8 body bytes, 207 header bytes  	[MsgId: MMSG-26386]
Action.c(122): web_url("success.txt_13") started  	[MsgId: MMSG-26355]
Action.c(122): t=635ms: Already connected [0] to detectportal.firefox.com:80  	[MsgId: MMSG-26000]
Action.c(122): t=635ms: 293-byte request headers for "http://detectportal.firefox.com/success.txt?ipv4" (RelFrameId=1, Internal ID=13)
Action.c(122):     GET /success.txt?ipv4 HTTP/1.1\r\n
Action.c(122):     User-Agent: Mozilla/5.0 (Windows NT 10.0; Win64; x64) AppleWebKit/537.36 (KHTML, like Geck
Action.c(122):     o) Chrome/113.0.0.0 Safari/537.36\r\n
Action.c(122):     Accept-Encoding: gzip, deflate\r\n
Action.c(122):     Accept-Language: en-US,en;q=0.5\r\n
Action.c(122):     Accept: */*\r\n
Action.c(122):     Connection: Keep-Alive\r\n
Action.c(122):     Host: detectportal.firefox.com\r\n
Action.c(122):     \r\n
Action.c(104): t=656ms: 208-byte response headers for "http://detectportal.firefox.com/success.txt?ipv4" (RelFrameId=1, Internal ID=11)
Action.c(122): t=656ms: 207-byte response headers for "http://detectportal.firefox.com/success.txt?ipv4" (RelFrameId=1, Internal ID=13)
Action.c(104):     HTTP/1.1 200 OK\r\n
Action.c(122):     HTTP/1.1 200 OK\r\n
Action.c(104):     Server: nginx\r\n
Action.c(122):     Server: nginx\r\n
Action.c(104):     Content-Length: 8\r\n
Action.c(122):     Content-Length: 8\r\n
Action.c(104):     Via: 1.1 google\r\n
Action.c(122):     Via: 1.1 google\r\n
Action.c(104):     Date: Sun, 11 Jun 2023 12:22:44 GMT\r\n
Action.c(122):     Date: Sun, 11 Jun 2023 19:03:54 GMT\r\n
Action.c(104):     Age: 29306\r\n
Action.c(122):     Age: 5236\r\n
Action.c(104):     Content-Type: text/plain\r\n
Action.c(122):     Content-Type: text/plain\r\n
Action.c(104):     Cache-Control: public,must-revalidate,max-age=0,s-maxage=3600\r\n
Action.c(122):     Cache-Control: public,must-revalidate,max-age=0,s-maxage=3600\r\n
Action.c(104):     \r\n
Action.c(122):     \r\n
Action.c(104): t=656ms: 8-byte response body for "http://detectportal.firefox.com/success.txt?ipv4" (RelFrameId=1, Internal ID=11)
Action.c(122): t=656ms: 8-byte response body for "http://detectportal.firefox.com/success.txt?ipv4" (RelFrameId=1, Internal ID=13)
Action.c(104):     success\n
Action.c(122):     success\n
Action.c(104): t=657ms: Request done "http://detectportal.firefox.com/success.txt?ipv4"  	[MsgId: MMSG-26000]
Action.c(122): t=657ms: Request done "http://detectportal.firefox.com/success.txt?ipv4"  	[MsgId: MMSG-26000]
Action.c(122): web_url("success.txt_13") was successful, 8 body bytes, 207 header bytes  	[MsgId: MMSG-26386]
Action.c(104): web_url("success.txt_11") was successful, 8 body bytes, 208 header bytes  	[MsgId: MMSG-26386]
Action.c(131): web_url("success.txt_14") started  	[MsgId: MMSG-26355]
Action.c(113): web_url("success.txt_12") started  	[MsgId: MMSG-26355]
Action.c(113): t=657ms: Already connected [0] to detectportal.firefox.com:80  	[MsgId: MMSG-26000]
Action.c(131): t=657ms: Already connected [0] to detectportal.firefox.com:80  	[MsgId: MMSG-26000]
Action.c(113): t=657ms: 288-byte request headers for "http://detectportal.firefox.com/success.txt" (RelFrameId=1, Internal ID=12)
Action.c(131): t=657ms: 288-byte request headers for "http://detectportal.firefox.com/success.txt" (RelFrameId=1, Internal ID=14)
Action.c(113):     GET /success.txt HTTP/1.1\r\n
Action.c(131):     GET /success.txt HTTP/1.1\r\n
Action.c(113):     User-Agent: Mozilla/5.0 (Windows NT 10.0; Win64; x64) AppleWebKit/537.36 (KHTML, like Geck
Action.c(131):     User-Agent: Mozilla/5.0 (Windows NT 10.0; Win64; x64) AppleWebKit/537.36 (KHTML, like Geck
Action.c(113):     o) Chrome/113.0.0.0 Safari/537.36\r\n
Action.c(131):     o) Chrome/113.0.0.0 Safari/537.36\r\n
Action.c(113):     Accept-Encoding: gzip, deflate\r\n
Action.c(131):     Accept-Encoding: gzip, deflate\r\n
Action.c(113):     Accept-Language: en-US,en;q=0.5\r\n
Action.c(131):     Accept-Language: en-US,en;q=0.5\r\n
Action.c(113):     Accept: */*\r\n
Action.c(131):     Accept: */*\r\n
Action.c(113):     Connection: Keep-Alive\r\n
Action.c(131):     Connection: Keep-Alive\r\n
Action.c(113):     Host: detectportal.firefox.com\r\n
Action.c(131):     Host: detectportal.firefox.com\r\n
Action.c(113):     \r\n
Action.c(131):     \r\n
Action.c(131): t=678ms: 207-byte response headers for "http://detectportal.firefox.com/success.txt" (RelFrameId=1, Internal ID=14)
Action.c(131):     HTTP/1.1 200 OK\r\n
Action.c(131):     Server: nginx\r\n
Action.c(131):     Content-Length: 8\r\n
Action.c(131):     Via: 1.1 google\r\n
Action.c(131):     Date: Sun, 11 Jun 2023 19:03:54 GMT\r\n
Action.c(131):     Age: 5237\r\n
Action.c(131):     Content-Type: text/plain\r\n
Action.c(131):     Cache-Control: public,must-revalidate,max-age=0,s-maxage=3600\r\n
Action.c(131):     \r\n
Action.c(131): t=679ms: 8-byte response body for "http://detectportal.firefox.com/success.txt" (RelFrameId=1, Internal ID=14)
Action.c(131):     success\n
Action.c(131): t=679ms: Request done "http://detectportal.firefox.com/success.txt"  	[MsgId: MMSG-26000]
Action.c(131): web_url("success.txt_14") was successful, 8 body bytes, 207 header bytes  	[MsgId: MMSG-26386]
Action.c(140): web_url("success.txt_15") started  	[MsgId: MMSG-26355]
Action.c(140): t=679ms: Already connected [0] to detectportal.firefox.com:80  	[MsgId: MMSG-26000]
Action.c(140): t=679ms: 293-byte request headers for "http://detectportal.firefox.com/success.txt?ipv4" (RelFrameId=1, Internal ID=15)
Action.c(140):     GET /success.txt?ipv4 HTTP/1.1\r\n
Action.c(140):     User-Agent: Mozilla/5.0 (Windows NT 10.0; Win64; x64) AppleWebKit/537.36 (KHTML, like Geck
Action.c(140):     o) Chrome/113.0.0.0 Safari/537.36\r\n
Action.c(140):     Accept-Encoding: gzip, deflate\r\n
Action.c(140):     Accept-Language: en-US,en;q=0.5\r\n
Action.c(140):     Accept: */*\r\n
Action.c(140):     Connection: Keep-Alive\r\n
Action.c(140):     Host: detectportal.firefox.com\r\n
Action.c(140):     \r\n
Action.c(113): t=680ms: 208-byte response headers for "http://detectportal.firefox.com/success.txt" (RelFrameId=1, Internal ID=12)
Action.c(113):     HTTP/1.1 200 OK\r\n
Action.c(113):     Server: nginx\r\n
Action.c(113):     Content-Length: 8\r\n
Action.c(113):     Via: 1.1 google\r\n
Action.c(113):     Date: Sun, 11 Jun 2023 12:22:44 GMT\r\n
Action.c(113):     Age: 29307\r\n
Action.c(113):     Content-Type: text/plain\r\n
Action.c(113):     Cache-Control: public,must-revalidate,max-age=0,s-maxage=3600\r\n
Action.c(113):     \r\n
Action.c(113): t=680ms: 8-byte response body for "http://detectportal.firefox.com/success.txt" (RelFrameId=1, Internal ID=12)
Action.c(113):     success\n
Action.c(113): t=680ms: Request done "http://detectportal.firefox.com/success.txt"  	[MsgId: MMSG-26000]
Action.c(113): web_url("success.txt_12") was successful, 8 body bytes, 208 header bytes  	[MsgId: MMSG-26386]
Action.c(122): web_url("success.txt_13") started  	[MsgId: MMSG-26355]
Action.c(122): t=680ms: Already connected [0] to detectportal.firefox.com:80  	[MsgId: MMSG-26000]
Action.c(122): t=680ms: 293-byte request headers for "http://detectportal.firefox.com/success.txt?ipv4" (RelFrameId=1, Internal ID=13)
Action.c(122):     GET /success.txt?ipv4 HTTP/1.1\r\n
Action.c(122):     User-Agent: Mozilla/5.0 (Windows NT 10.0; Win64; x64) AppleWebKit/537.36 (KHTML, like Geck
Action.c(122):     o) Chrome/113.0.0.0 Safari/537.36\r\n
Action.c(122):     Accept-Encoding: gzip, deflate\r\n
Action.c(122):     Accept-Language: en-US,en;q=0.5\r\n
Action.c(122):     Accept: */*\r\n
Action.c(122):     Connection: Keep-Alive\r\n
Action.c(122):     Host: detectportal.firefox.com\r\n
Action.c(122):     \r\n
Action.c(140): t=700ms: 207-byte response headers for "http://detectportal.firefox.com/success.txt?ipv4" (RelFrameId=1, Internal ID=15)
Action.c(140):     HTTP/1.1 200 OK\r\n
Action.c(140):     Server: nginx\r\n
Action.c(140):     Content-Length: 8\r\n
Action.c(140):     Via: 1.1 google\r\n
Action.c(140):     Date: Sun, 11 Jun 2023 19:03:54 GMT\r\n
Action.c(140):     Age: 5237\r\n
Action.c(140):     Content-Type: text/plain\r\n
Action.c(140):     Cache-Control: public,must-revalidate,max-age=0,s-maxage=3600\r\n
Action.c(140):     \r\n
Action.c(140): t=701ms: 8-byte response body for "http://detectportal.firefox.com/success.txt?ipv4" (RelFrameId=1, Internal ID=15)
Action.c(140):     success\n
Action.c(140): t=701ms: Request done "http://detectportal.firefox.com/success.txt?ipv4"  	[MsgId: MMSG-26000]
Action.c(140): web_url("success.txt_15") was successful, 8 body bytes, 207 header bytes  	[MsgId: MMSG-26386]
Action.c(149): web_add_auto_header("DNT") started  	[MsgId: MMSG-26355]
Action.c(149): An unrecognized header ("DNT") is being added  	[MsgId: MMSG-26595]
Action.c(149): "DNT: 1" header registered for adding to requests from all following Action functions  	[MsgId: MMSG-26505]
Action.c(149): web_add_auto_header("DNT") was successful  	[MsgId: MMSG-26392]
Action.c(152): web_add_header("Upgrade-Insecure-Requests") started  	[MsgId: MMSG-26355]
Action.c(152): An unrecognized header ("Upgrade-Insecure-Requests") is being added  	[MsgId: MMSG-26595]
Action.c(152): "Upgrade-Insecure-Requests: 1" header registered for adding to requests from the immediately following Action function  	[MsgId: MMSG-26506]
Action.c(152): web_add_header("Upgrade-Insecure-Requests") was successful  	[MsgId: MMSG-26392]
Action.c(155): lr_think_time: 6,00 seconds.	[MsgId: MMSG-15948]
Action.c(122): t=703ms: 208-byte response headers for "http://detectportal.firefox.com/success.txt?ipv4" (RelFrameId=1, Internal ID=13)
Action.c(122):     HTTP/1.1 200 OK\r\n
Action.c(122):     Server: nginx\r\n
Action.c(122):     Content-Length: 8\r\n
Action.c(122):     Via: 1.1 google\r\n
Action.c(122):     Date: Sun, 11 Jun 2023 12:22:44 GMT\r\n
Action.c(122):     Age: 29307\r\n
Action.c(122):     Content-Type: text/plain\r\n
Action.c(122):     Cache-Control: public,must-revalidate,max-age=0,s-maxage=3600\r\n
Action.c(122):     \r\n
Action.c(122): t=704ms: 8-byte response body for "http://detectportal.firefox.com/success.txt?ipv4" (RelFrameId=1, Internal ID=13)
Action.c(122):     success\n
Action.c(122): t=704ms: Request done "http://detectportal.firefox.com/success.txt?ipv4"  	[MsgId: MMSG-26000]
Action.c(122): web_url("success.txt_13") was successful, 8 body bytes, 208 header bytes  	[MsgId: MMSG-26386]
Action.c(131): web_url("success.txt_14") started  	[MsgId: MMSG-26355]
Action.c(131): t=704ms: Already connected [0] to detectportal.firefox.com:80  	[MsgId: MMSG-26000]
Action.c(131): t=704ms: 288-byte request headers for "http://detectportal.firefox.com/success.txt" (RelFrameId=1, Internal ID=14)
Action.c(131):     GET /success.txt HTTP/1.1\r\n
Action.c(131):     User-Agent: Mozilla/5.0 (Windows NT 10.0; Win64; x64) AppleWebKit/537.36 (KHTML, like Geck
Action.c(131):     o) Chrome/113.0.0.0 Safari/537.36\r\n
Action.c(131):     Accept-Encoding: gzip, deflate\r\n
Action.c(131):     Accept-Language: en-US,en;q=0.5\r\n
Action.c(131):     Accept: */*\r\n
Action.c(131):     Connection: Keep-Alive\r\n
Action.c(131):     Host: detectportal.firefox.com\r\n
Action.c(131):     \r\n
Action.c(131): t=727ms: 208-byte response headers for "http://detectportal.firefox.com/success.txt" (RelFrameId=1, Internal ID=14)
Action.c(131):     HTTP/1.1 200 OK\r\n
Action.c(131):     Server: nginx\r\n
Action.c(131):     Content-Length: 8\r\n
Action.c(131):     Via: 1.1 google\r\n
Action.c(131):     Date: Sun, 11 Jun 2023 12:22:44 GMT\r\n
Action.c(131):     Age: 29307\r\n
Action.c(131):     Content-Type: text/plain\r\n
Action.c(131):     Cache-Control: public,must-revalidate,max-age=0,s-maxage=3600\r\n
Action.c(131):     \r\n
Action.c(131): t=727ms: 8-byte response body for "http://detectportal.firefox.com/success.txt" (RelFrameId=1, Internal ID=14)
Action.c(131):     success\n
Action.c(131): t=728ms: Request done "http://detectportal.firefox.com/success.txt"  	[MsgId: MMSG-26000]
Action.c(131): web_url("success.txt_14") was successful, 8 body bytes, 208 header bytes  	[MsgId: MMSG-26386]
Action.c(140): web_url("success.txt_15") started  	[MsgId: MMSG-26355]
Action.c(140): t=728ms: Already connected [0] to detectportal.firefox.com:80  	[MsgId: MMSG-26000]
Action.c(140): t=728ms: 293-byte request headers for "http://detectportal.firefox.com/success.txt?ipv4" (RelFrameId=1, Internal ID=15)
Action.c(140):     GET /success.txt?ipv4 HTTP/1.1\r\n
Action.c(140):     User-Agent: Mozilla/5.0 (Windows NT 10.0; Win64; x64) AppleWebKit/537.36 (KHTML, like Geck
Action.c(140):     o) Chrome/113.0.0.0 Safari/537.36\r\n
Action.c(140):     Accept-Encoding: gzip, deflate\r\n
Action.c(140):     Accept-Language: en-US,en;q=0.5\r\n
Action.c(140):     Accept: */*\r\n
Action.c(140):     Connection: Keep-Alive\r\n
Action.c(140):     Host: detectportal.firefox.com\r\n
Action.c(140):     \r\n
Action.c(140): t=750ms: 208-byte response headers for "http://detectportal.firefox.com/success.txt?ipv4" (RelFrameId=1, Internal ID=15)
Action.c(140):     HTTP/1.1 200 OK\r\n
Action.c(140):     Server: nginx\r\n
Action.c(140):     Content-Length: 8\r\n
Action.c(140):     Via: 1.1 google\r\n
Action.c(140):     Date: Sun, 11 Jun 2023 12:22:44 GMT\r\n
Action.c(140):     Age: 29307\r\n
Action.c(140):     Content-Type: text/plain\r\n
Action.c(140):     Cache-Control: public,must-revalidate,max-age=0,s-maxage=3600\r\n
Action.c(140):     \r\n
Action.c(140): t=751ms: 8-byte response body for "http://detectportal.firefox.com/success.txt?ipv4" (RelFrameId=1, Internal ID=15)
Action.c(140):     success\n
Action.c(140): t=751ms: Request done "http://detectportal.firefox.com/success.txt?ipv4"  	[MsgId: MMSG-26000]
Action.c(140): web_url("success.txt_15") was successful, 8 body bytes, 208 header bytes  	[MsgId: MMSG-26386]
Action.c(149): web_add_auto_header("DNT") started  	[MsgId: MMSG-26355]
Action.c(149): An unrecognized header ("DNT") is being added  	[MsgId: MMSG-26595]
Action.c(149): "DNT: 1" header registered for adding to requests from all following Action functions  	[MsgId: MMSG-26505]
Action.c(149): web_add_auto_header("DNT") was successful  	[MsgId: MMSG-26392]
Action.c(152): web_add_header("Upgrade-Insecure-Requests") started  	[MsgId: MMSG-26355]
Action.c(152): An unrecognized header ("Upgrade-Insecure-Requests") is being added  	[MsgId: MMSG-26595]
Action.c(152): "Upgrade-Insecure-Requests: 1" header registered for adding to requests from the immediately following Action function  	[MsgId: MMSG-26506]
Action.c(152): web_add_header("Upgrade-Insecure-Requests") was successful  	[MsgId: MMSG-26392]
Action.c(155): lr_think_time: 6,00 seconds.	[MsgId: MMSG-15948]
Action.c(157): web_url("www.advantageonlineshopping.com") started  	[MsgId: MMSG-26355]
Action.c(157): t=6637ms: Closed connection [0] to detectportal.firefox.com:80 after completing 15 request(s)  	[MsgId: MMSG-26000]
Action.c(157): t=6638ms: Connecting [0] to host 54.227.55.203:443  	[MsgId: MMSG-26000]
Action.c(157): web_url("www.advantageonlineshopping.com") started  	[MsgId: MMSG-26355]
Action.c(157): Notify: Transaction "openHomepage" ended with a "Stop" status (Duration: 6,3235 Think Time: 6,0013).	[MsgId: MMSG-16872]
Action.c(155): Notify: Transaction "openHomepage" ended with a "Stop" status (Duration: 6,2678).	[MsgId: MMSG-16873]
Action.c(157): Notify: Transaction "UC_Registration" ended with a "Stop" status (Duration: 6,3829 Think Time: 6,0013).	[MsgId: MMSG-16872]
Action.c(155): Notify: Transaction "UC_Registration" ended with a "Stop" status (Duration: 6,3412).	[MsgId: MMSG-16873]
Abort was called from an action.	[MsgId: MMSG-10447]
Ending Vuser...	[MsgId: MMSG-15966]
Starting action vuser_end.	[MsgId: MMSG-15919]
Ending action vuser_end.	[MsgId: MMSG-15918]
Vuser Terminated.	[MsgId: MMSG-15963]
Action.c(155): t=6709ms: Closed connection [0] to detectportal.firefox.com:80 after completing 15 request(s)  	[MsgId: MMSG-26000]
Abort was called from an action.	[MsgId: MMSG-10447]
Ending Vuser...	[MsgId: MMSG-15966]
Starting action vuser_end.	[MsgId: MMSG-15919]
Ending action vuser_end.	[MsgId: MMSG-15918]
Vuser Terminated.	[MsgId: MMSG-15963]
Action.c(157): t=6711ms: Closed connection [0] to www.advantageonlineshopping.com:443 after completing 0 request(s)  	[MsgId: MMSG-26000]
HTML-Mode memory management statistics: Reusable=0, NonReusable=0, CsMemBlockSize=4096, checks disabled  	[MsgId: MMSG-26000]
Vuser 2 (thread 51908), ended OK."	[MsgId: MMSG-10695]
Action.c(157): t=6718ms: Closed connection [0] to detectportal.firefox.com:80 after completing 15 request(s)  	[MsgId: MMSG-26000]
Action.c(157): t=6718ms: Connecting [0] to host 54.227.55.203:443  	[MsgId: MMSG-26000]
Action.c(157): Notify: Transaction "openHomepage" ended with a "Stop" status (Duration: 6,3084 Think Time: 6,0045).	[MsgId: MMSG-16872]
Action.c(157): Notify: Transaction "UC_Registration" ended with a "Stop" status (Duration: 6,3940 Think Time: 6,0045).	[MsgId: MMSG-16872]
Abort was called from an action.	[MsgId: MMSG-10447]
Ending Vuser...	[MsgId: MMSG-15966]
Starting action vuser_end.	[MsgId: MMSG-15919]
Ending action vuser_end.	[MsgId: MMSG-15918]
Vuser Terminated.	[MsgId: MMSG-15963]
Action.c(157): t=6719ms: Closed connection [0] to www.advantageonlineshopping.com:443 after completing 0 request(s)  	[MsgId: MMSG-26000]
HTML-Mode memory management statistics: Reusable=0, NonReusable=0, CsMemBlockSize=4096, checks disabled  	[MsgId: MMSG-26000]
Vuser 1 (thread 18528), ended OK."	[MsgId: MMSG-10695]
HTML-Mode memory management statistics: Reusable=0, NonReusable=0, CsMemBlockSize=4096, checks disabled  	[MsgId: MMSG-26000]
Vuser 0 (thread 29068), ended OK."	[MsgId: MMSG-10695]
