Start auto log messages stack - Iteration 1.	[MsgId: MMSG-10545]
Action.c(197): web_add_header("Origin") was successful  	[MsgId: MMSG-26392]
Action.c(200): web_add_header("SOAPAction") started  	[MsgId: MMSG-26355]
Action.c(200): web_add_header("SOAPAction") was successful  	[MsgId: MMSG-26392]
Action.c(203): web_add_header("X-Requested-With") started  	[MsgId: MMSG-26355]
Action.c(203): web_add_header("X-Requested-With") was successful  	[MsgId: MMSG-26392]
Action.c(206): web_custom_request("GetAccountConfigurationRequest") started  	[MsgId: MMSG-26355]
Action.c(206): Notify: Transaction "homePage" ended with a "Stop" status (Duration: 9,4863 Wasted Time: 0,0017).	[MsgId: MMSG-16871]
Start auto log messages stack - Iteration 1.	[MsgId: MMSG-10545]
Action.c(203): web_add_header("X-Requested-With") started  	[MsgId: MMSG-26355]
Action.c(203): web_add_header("X-Requested-With") was successful  	[MsgId: MMSG-26392]
Action.c(206): web_custom_request("GetAccountConfigurationRequest") started  	[MsgId: MMSG-26355]
Action.c(206): web_custom_request("GetAccountConfigurationRequest") was successful, 823 body bytes, 735 header bytes  	[MsgId: MMSG-26386]
Action.c(219): web_url("categories") started  	[MsgId: MMSG-26355]
Action.c(219): Notify: Transaction "homePage" ended with a "Stop" status (Duration: 9,3320 Wasted Time: 0,0011).	[MsgId: MMSG-16871]
Action.c(206): Notify: Transaction "UC_LoginBuy" ended with a "Stop" status (Duration: 9,5864 Wasted Time: 0,0017).	[MsgId: MMSG-16871]
Abort was called from an action.	[MsgId: MMSG-10447]
Ending Vuser...	[MsgId: MMSG-15966]
Starting action vuser_end.	[MsgId: MMSG-15919]
Ending action vuser_end.	[MsgId: MMSG-15918]
Vuser Terminated.	[MsgId: MMSG-15963]
Action.c(206): Error -27760: Request "https://www.advantageonlineshopping.com/accountservice/ws/GetAccountConfigurationRequest" failed  	[MsgId: MERR-27760]
Start auto log messages stack - Iteration 1.	[MsgId: MMSG-10545]
Action.c(197): web_add_header("Origin") was successful  	[MsgId: MMSG-26392]
Action.c(200): web_add_header("SOAPAction") started  	[MsgId: MMSG-26355]
Action.c(200): web_add_header("SOAPAction") was successful  	[MsgId: MMSG-26392]
Action.c(203): web_add_header("X-Requested-With") started  	[MsgId: MMSG-26355]
Action.c(203): web_add_header("X-Requested-With") was successful  	[MsgId: MMSG-26392]
Action.c(206): web_custom_request("GetAccountConfigurationRequest") started  	[MsgId: MMSG-26355]
Action.c(206): Notify: Transaction "homePage" ended with a "Stop" status (Duration: 9,2746 Wasted Time: 0,0011).	[MsgId: MMSG-16871]
Action.c(219): Notify: Transaction "UC_LoginBuy" ended with a "Stop" status (Duration: 9,4719 Wasted Time: 0,0011).	[MsgId: MMSG-16871]
Abort was called from an action.	[MsgId: MMSG-10447]
Ending Vuser...	[MsgId: MMSG-15966]
Starting action vuser_end.	[MsgId: MMSG-15919]
Ending action vuser_end.	[MsgId: MMSG-15918]
Action.c(206): Notify: Transaction "UC_LoginBuy" ended with a "Stop" status (Duration: 9,5401 Wasted Time: 0,0011).	[MsgId: MMSG-16871]
Vuser Terminated.	[MsgId: MMSG-15963]
Abort was called from an action.	[MsgId: MMSG-10447]
Action.c(219): Error -27760: Request "https://www.advantageonlineshopping.com/catalog/api/v1/categories" failed  	[MsgId: MERR-27760]
Ending Vuser...	[MsgId: MMSG-15966]
Starting action vuser_end.	[MsgId: MMSG-15919]
Ending action vuser_end.	[MsgId: MMSG-15918]
Vuser Terminated.	[MsgId: MMSG-15963]
Action.c(206): Error -27760: Request "https://www.advantageonlineshopping.com/accountservice/ws/GetAccountConfigurationRequest" failed  	[MsgId: MERR-27760]
