Start auto log messages stack - Iteration 10.	[MsgId: MMSG-10545]
Action.c(538): web_add_header("Authorization") started  	[MsgId: MMSG-26355]
Action.c(538): Warning -26594: The header being added may cause unpredictable results if applied to ALL the URLs generated on behalf of the next script function. It will apply to the primary URL only.  	[MsgId: MWAR-26594]
Action.c(538): web_add_header("Authorization") highest severity level was "warning"  	[MsgId: MMSG-26391]
Action.c(543): web_url("{userId}_3") started  	[MsgId: MMSG-26355]
Action.c(543): Notify: Transaction "checkout" ended with a "Stop" status (Duration: 1,9109 Wasted Time: 0,0000).	[MsgId: MMSG-16871]
Start auto log messages stack - Iteration 10.	[MsgId: MMSG-10545]
Action.c(538): web_add_header("Authorization") started  	[MsgId: MMSG-26355]
Action.c(538): Warning -26594: The header being added may cause unpredictable results if applied to ALL the URLs generated on behalf of the next script function. It will apply to the primary URL only.  	[MsgId: MWAR-26594]
Action.c(538): web_add_header("Authorization") highest severity level was "warning"  	[MsgId: MMSG-26391]
Action.c(543): web_url("{userId}_3") started  	[MsgId: MMSG-26355]
Action.c(543): Notify: Transaction "checkout" ended with a "Stop" status (Duration: 1,9194 Wasted Time: 0,0000).	[MsgId: MMSG-16871]
Action.c(543): Notify: Transaction "UC_LoginBuy" ended with a "Stop" status (Duration: 67,1811 Think Time: 50,1805 Wasted Time: 0,0013).	[MsgId: MMSG-16870]
Abort was called from an action.	[MsgId: MMSG-10447]
Ending Vuser...	[MsgId: MMSG-15966]
Starting action vuser_end.	[MsgId: MMSG-15919]
Ending action vuser_end.	[MsgId: MMSG-15918]
Vuser Terminated.	[MsgId: MMSG-15963]
Action.c(543): Error -27760: Request "https://www.advantageonlineshopping.com/order/api/v1/carts/722024750" failed  	[MsgId: MERR-27760]
Action.c(543): Notify: Transaction "UC_LoginBuy" ended with a "Stop" status (Duration: 67,5915 Think Time: 50,2474 Wasted Time: 0,0014).	[MsgId: MMSG-16870]
Abort was called from an action.	[MsgId: MMSG-10447]
Ending Vuser...	[MsgId: MMSG-15966]
Starting action vuser_end.	[MsgId: MMSG-15919]
Ending action vuser_end.	[MsgId: MMSG-15918]
Vuser Terminated.	[MsgId: MMSG-15963]
Action.c(543): Error -27760: Request "https://www.advantageonlineshopping.com/order/api/v1/carts/576631595" failed  	[MsgId: MERR-27760]
Start auto log messages stack - Iteration 10.	[MsgId: MMSG-10545]
Action.c(543): web_url("{userId}_3") started  	[MsgId: MMSG-26355]
Action.c(543): web_url("{userId}_3") was successful, 238 body bytes, 375 header bytes  	[MsgId: MMSG-26386]
Action.c(553): web_add_auto_header("Origin") started  	[MsgId: MMSG-26355]
Action.c(553): web_add_auto_header("Origin") was successful  	[MsgId: MMSG-26392]
Action.c(556): web_custom_request("shippingcost") started  	[MsgId: MMSG-26355]
Action.c(556): Notify: Transaction "checkout" ended with a "Stop" status (Duration: 2,4578 Wasted Time: 0,0000).	[MsgId: MMSG-16871]
Action.c(556): Notify: Transaction "UC_LoginBuy" ended with a "Stop" status (Duration: 67,4916 Think Time: 50,0254 Wasted Time: 0,0011).	[MsgId: MMSG-16870]
Abort was called from an action.	[MsgId: MMSG-10447]
Ending Vuser...	[MsgId: MMSG-15966]
Starting action vuser_end.	[MsgId: MMSG-15919]
Ending action vuser_end.	[MsgId: MMSG-15918]
Vuser Terminated.	[MsgId: MMSG-15963]
Action.c(556): Error -27760: Request "https://www.advantageonlineshopping.com/order/api/v1/shippingcost/" failed  	[MsgId: MERR-27760]
